2022-03-25 17:59:56,992 [1] INFO AdminDBRepository - Initialising AdminDBRepository...
2022-03-25 17:59:57,000 [1] INFO AdminDBRepository - FindByUsernameAndPassword(username = admin, password = admin)
2022-03-25 17:59:57,000 [1] INFO DBUtils - trying to connect to database ... Data Source=D:\\Proiecte\\databases\\mpp_lab_project.db;Version=3;
2022-03-25 17:59:57,050 [1] INFO AdminDBRepository - Result: admin = 
2022-03-25 18:29:49,085 [Worker#STA_NP] INFO AdminDBRepository - Initialising AdminDBRepository...
2022-03-25 18:38:50,049 [Worker#STA_NP] INFO AdminDBRepository - Initialising AdminDBRepository...
2022-03-25 18:38:50,059 [Worker#STA_NP] INFO DBUtils - trying to connect to database ... Data Source=D:\\Proiecte\\databases\\mpp_lab_project_test.db;Version=3;
2022-03-25 18:40:14,329 [Worker#STA_NP] INFO AdminDBRepository - Initialising AdminDBRepository...
2022-03-25 18:40:14,338 [Worker#STA_NP] INFO DBUtils - trying to connect to database ... Data Source=D:\\Proiecte\\databases\\mpp_lab_project_test.db;Version=3;
2022-03-25 18:40:38,695 [Worker#STA_NP] INFO AdminDBRepository - Initialising AdminDBRepository...
2022-03-25 18:40:38,704 [Worker#STA_NP] INFO DBUtils - trying to connect to database ... Data Source=D:\\Proiecte\\databases\\mpp_lab_project_test.db;Version=3;
2022-03-25 18:55:18,664 [Worker#STA_NP] INFO AdminDBRepository - Initialising AdminDBRepository...
2022-03-25 18:55:18,673 [Worker#STA_NP] INFO DBUtils - trying to connect to database ... Data Source=D:\\Proiecte\\databases\\mpp_lab_project_test.db;Version=3;
2022-03-25 18:56:06,084 [Worker#STA_NP] INFO AdminDBRepository - Initialising AdminDBRepository...
2022-03-25 18:56:06,093 [Worker#STA_NP] INFO DBUtils - trying to connect to database ... Data Source=D:\\Proiecte\\databases\\mpp_lab_project_test.db;Version=3;
2022-03-25 18:56:06,175 [Worker#STA_NP] INFO AdminDBRepository - FindByUsernameAndPassword(username = admin, password = admin)
2022-03-25 18:56:06,183 [Worker#STA_NP] INFO AdminDBRepository - Result: admin = Admin{ID=25, username='admin', password='admin'}
2022-03-25 18:57:02,462 [Worker#STA_NP] INFO AdminDBRepository - Initialising AdminDBRepository...
2022-03-25 18:57:02,471 [Worker#STA_NP] INFO DBUtils - trying to connect to database ... Data Source=D:\\Proiecte\\databases\\mpp_lab_project_test.db;Version=3;
2022-03-25 18:57:44,960 [15] INFO AdminDBRepository - Initialising AdminDBRepository...
2022-03-25 18:57:44,966 [15] INFO DBUtils - trying to connect to database ... Data Source=D:\\Proiecte\\databases\\mpp_lab_project_test.db;Version=3;
2022-03-25 18:57:52,877 [15] INFO AdminDBRepository - FindByUsernameAndPassword(username = admin, password = admin)
2022-03-25 18:58:50,593 [15] INFO AdminDBRepository - Result: admin = Admin{ID=26, username='admin', password='admin'}
2022-03-25 19:00:50,595 [16] INFO AdminDBRepository - Initialising AdminDBRepository...
2022-03-25 19:00:50,601 [16] INFO DBUtils - trying to connect to database ... Data Source=D:\\Proiecte\\databases\\mpp_lab_project_test.db;Version=3;
2022-03-25 19:00:56,930 [16] INFO AdminDBRepository - FindByUsernameAndPassword(username = admin, password = admin)
2022-03-25 19:01:12,262 [16] INFO AdminDBRepository - Result: admin = Admin{ID=27, username='admin', password='admin'}
2022-03-25 19:02:18,291 [Worker#STA_NP] INFO AdminDBRepository - Initialising AdminDBRepository...
2022-03-25 19:02:18,300 [Worker#STA_NP] INFO DBUtils - trying to connect to database ... Data Source=D:\\Proiecte\\databases\\mpp_lab_project_test.db;Version=3;
2022-03-25 19:07:54,877 [15] INFO AdminDBRepository - Initialising AdminDBRepository...
2022-03-25 19:07:54,884 [15] INFO DBUtils - trying to connect to database ... Data Source=D:\\Proiecte\\databases\\mpp_lab_project_test.db;Version=3;
2022-03-25 19:09:06,869 [15] INFO AdminDBRepository - Initialising AdminDBRepository...
2022-03-25 19:09:06,876 [15] INFO DBUtils - trying to connect to database ... Data Source=D:\\Proiecte\\databases\\mpp_lab_project_test.db;Version=3;
2022-03-25 19:09:16,607 [15] INFO AdminDBRepository - FindByUsernameAndPassword(username = admin, password = admin)
2022-03-25 19:09:23,977 [15] INFO AdminDBRepository - Result: admin = Admin{ID=28, username='admin', password='admin'}
2022-03-25 19:10:29,514 [16] INFO AdminDBRepository - Initialising AdminDBRepository...
2022-03-25 19:10:29,520 [16] INFO DBUtils - trying to connect to database ... Data Source=D:\\Proiecte\\databases\\mpp_lab_project_test.db;Version=3;
2022-03-25 19:10:55,869 [16] INFO AdminDBRepository - Initialising AdminDBRepository...
2022-03-25 19:10:55,877 [16] INFO DBUtils - trying to connect to database ... Data Source=D:\\Proiecte\\databases\\mpp_lab_project_test.db;Version=3;
2022-03-25 19:11:02,219 [16] INFO AdminDBRepository - FindByUsernameAndPassword(username = admin, password = admin)
2022-03-25 19:11:06,261 [16] INFO AdminDBRepository - Result: admin = Admin{ID=29, username='admin', password='admin'}
2022-03-25 19:15:13,189 [15] INFO AdminDBRepository - Initialising AdminDBRepository...
2022-03-25 19:15:13,196 [15] INFO DBUtils - trying to connect to database ... Data Source=D:\\Proiecte\\databases\\mpp_lab_project_test.db;Version=3;
2022-03-25 19:15:44,002 [16] INFO AdminDBRepository - Initialising AdminDBRepository...
2022-03-25 19:15:44,009 [16] INFO DBUtils - trying to connect to database ... Data Source=D:\\Proiecte\\databases\\mpp_lab_project_test.db;Version=3;
2022-03-25 19:15:46,428 [16] INFO AdminDBRepository - FindByUsernameAndPassword(username = admin, password = admin)
2022-03-25 19:16:01,586 [16] INFO AdminDBRepository - Result: admin = Admin{ID=30, username='admin', password='admin'}
2022-03-25 19:16:30,116 [16] INFO AdminDBRepository - Initialising AdminDBRepository...
2022-03-25 19:16:30,123 [16] INFO DBUtils - trying to connect to database ... Data Source=D:\\Proiecte\\databases\\mpp_lab_project_test.db;Version=3;
2022-03-25 19:16:31,960 [16] INFO AdminDBRepository - FindByUsernameAndPassword(username = admin, password = admin)
2022-03-25 19:16:31,966 [16] INFO AdminDBRepository - Result: admin = Admin{ID=31, username='admin', password='admin'}
2022-03-25 19:27:41,674 [15] INFO AdminDBRepository - Initialising AdminDBRepository...
2022-03-25 19:27:41,680 [15] INFO DBUtils - trying to connect to database ... Data Source=D:\\Proiecte\\databases\\mpp_lab_project_test.db;Version=3;
2022-03-25 19:27:46,779 [15] INFO AdminDBRepository - FindByUsernameAndPassword(username = admin, password = admin)
2022-03-25 19:27:46,786 [15] INFO AdminDBRepository - Result: admin = Admin{ID=32, username='admin', password='admin'}
2022-03-25 19:30:45,704 [Worker#STA_NP] INFO AdminDBRepository - Initialising AdminDBRepository...
2022-03-25 19:30:45,712 [Worker#STA_NP] INFO DBUtils - trying to connect to database ... Data Source=D:\\Proiecte\\databases\\mpp_lab_project_test.db;Version=3;
2022-03-25 19:32:44,222 [Worker#STA_NP] INFO AdminDBRepository - Initialising AdminDBRepository...
2022-03-25 19:32:44,231 [Worker#STA_NP] INFO DBUtils - trying to connect to database ... Data Source=D:\\Proiecte\\databases\\mpp_lab_project_test.db;Version=3;
2022-03-25 19:32:44,251 [Worker#STA_NP] ERROR DBUtils - Connection could not be established
2022-03-25 19:33:03,243 [Worker#STA_NP] INFO AdminDBRepository - Initialising AdminDBRepository...
2022-03-25 19:33:03,252 [Worker#STA_NP] INFO DBUtils - trying to connect to database ... Data Source=D:\\Proiecte\\databases\\mpp_lab_project_test.db;Version=3;
2022-03-25 19:33:03,273 [Worker#STA_NP] ERROR DBUtils - Connection could not be established
2022-03-25 19:33:03,338 [Worker#STA_NP] INFO AdminDBRepository - FindByUsernameAndPassword(username = admin, password = admin)
2022-03-25 19:33:03,338 [Worker#STA_NP] INFO DBUtils - trying to connect to database ... Data Source=D:\\Proiecte\\databases\\mpp_lab_project_test.db;Version=3;
2022-03-25 19:33:03,338 [Worker#STA_NP] ERROR DBUtils - Connection could not be established
2022-03-25 19:33:03,344 [Worker#STA_NP] INFO AdminDBRepository - Result: admin = Admin{ID=33, username='admin', password='admin'}
2022-03-25 19:38:25,866 [Worker#STA_NP] INFO AdminDBRepository - Initialising AdminDBRepository...
2022-03-25 19:38:25,875 [Worker#STA_NP] INFO DBUtils - trying to connect to database ... Data Source=D:\\Proiecte\\databases\\mpp_lab_project_test.db;Version=3;
2022-03-25 19:38:25,896 [Worker#STA_NP] ERROR DBUtils - Connection could not be established
2022-03-25 19:38:25,964 [Worker#STA_NP] INFO AdminDBRepository - FindByUsernameAndPassword(username = admin, password = admin)
2022-03-25 19:38:25,964 [Worker#STA_NP] INFO DBUtils - trying to connect to database ... Data Source=D:\\Proiecte\\databases\\mpp_lab_project_test.db;Version=3;
2022-03-25 19:38:25,964 [Worker#STA_NP] ERROR DBUtils - Connection could not be established
2022-03-25 19:38:25,970 [Worker#STA_NP] INFO AdminDBRepository - Result: admin = Admin{ID=34, username='admin', password='admin'}
2022-03-25 20:05:03,437 [Worker#STA_NP] INFO RaceDbRepository - Initialising RaceDBRepository...
2022-03-25 20:05:03,449 [Worker#STA_NP] INFO RaceDbRepository - FindById(id = 30)
2022-03-25 20:05:03,450 [Worker#STA_NP] INFO DBUtils - trying to connect to database ... 
2022-03-25 20:05:03,470 [Worker#STA_NP] ERROR DBUtils - Connection could not be established
2022-03-25 20:05:59,996 [Worker#STA_NP] INFO RaceDbRepository - Initialising RaceDBRepository...
2022-03-25 20:06:00,009 [Worker#STA_NP] INFO RaceDbRepository - FindById(id = 30)
2022-03-25 20:06:00,009 [Worker#STA_NP] INFO DBUtils - trying to connect to database ... Data Source=D:\\Proiecte\\databases\\mpp_lab_project_test.db;Version=3;
2022-03-25 20:06:00,030 [Worker#STA_NP] ERROR DBUtils - Connection could not be established
2022-03-25 20:06:00,086 [Worker#STA_NP] INFO RaceDbRepository - Result: race = 
2022-03-25 20:06:00,087 [Worker#STA_NP] INFO RaceDbRepository - FindById(id = 1)
2022-03-25 20:06:49,752 [Worker#STA_NP] INFO RaceDbRepository - Initialising RaceDBRepository...
2022-03-25 20:06:49,765 [Worker#STA_NP] INFO RaceDbRepository - FindById(id = 30)
2022-03-25 20:06:49,765 [Worker#STA_NP] INFO DBUtils - trying to connect to database ... Data Source=D:\\Proiecte\\databases\\mpp_lab_project_test.db;Version=3;
2022-03-25 20:06:49,786 [Worker#STA_NP] ERROR DBUtils - Connection could not be established
2022-03-25 20:06:49,843 [Worker#STA_NP] INFO RaceDbRepository - Result: race = 
2022-03-25 20:06:49,845 [Worker#STA_NP] INFO RaceDbRepository - FindById(id = 1)
2022-03-25 20:06:53,411 [Worker#STA_NP] INFO AdminDBRepository - Initialising AdminDBRepository...
2022-03-25 20:06:53,420 [Worker#STA_NP] INFO DBUtils - trying to connect to database ... Data Source=D:\\Proiecte\\databases\\mpp_lab_project_test.db;Version=3;
2022-03-25 20:06:53,440 [Worker#STA_NP] ERROR DBUtils - Connection could not be established
2022-03-25 20:06:53,517 [Worker#STA_NP] INFO AdminDBRepository - FindByUsernameAndPassword(username = admin, password = admin)
2022-03-25 20:06:53,517 [Worker#STA_NP] INFO DBUtils - trying to connect to database ... Data Source=D:\\Proiecte\\databases\\mpp_lab_project_test.db;Version=3;
2022-03-25 20:06:53,517 [Worker#STA_NP] ERROR DBUtils - Connection could not be established
2022-03-25 20:06:53,522 [Worker#STA_NP] INFO AdminDBRepository - Result: admin = Admin{ID=35, username='admin', password='admin'}
2022-03-25 21:10:15,288 [Worker#STA_NP] INFO AdminDBRepository - Initialising AdminDBRepository...
2022-03-25 21:10:15,297 [Worker#STA_NP] INFO DBUtils - trying to connect to database ... Data Source=D:\\Proiecte\\databases\\mpp_lab_project_test.db;Version=3;
2022-03-25 21:10:15,318 [Worker#STA_NP] ERROR DBUtils - Connection could not be established
2022-03-25 21:11:51,280 [Worker#STA_NP] INFO AdminDBRepository - Initialising AdminDBRepository...
2022-03-25 21:11:51,288 [Worker#STA_NP] INFO DBUtils - trying to connect to database ... Data Source=D:\\Proiecte\\databases\\mpp_lab_project_test.db;Version=3;
2022-03-25 21:11:51,373 [Worker#STA_NP] INFO AdminDBRepository - FindByUsernameAndPassword(username = admin, password = admin)
2022-03-25 21:11:51,377 [Worker#STA_NP] INFO AdminDBRepository - Result: admin = Admin{ID=36, username='admin', password='admin'}
2022-03-25 21:12:33,104 [Worker#STA_NP] INFO RaceDbRepository - Initialising RaceDBRepository...
2022-03-25 21:12:33,116 [Worker#STA_NP] INFO RaceDbRepository - FindById(id = 30)
2022-03-25 21:12:33,117 [Worker#STA_NP] INFO DBUtils - trying to connect to database ... Data Source=D:\\Proiecte\\databases\\mpp_lab_project_test.db;Version=3;
2022-03-25 21:12:33,192 [Worker#STA_NP] INFO RaceDbRepository - Result: race = 
2022-03-25 21:12:33,194 [Worker#STA_NP] INFO RaceDbRepository - FindById(id = 1)
2022-03-25 21:13:07,656 [Worker#STA_NP] INFO RaceDbRepository - Initialising RaceDBRepository...
2022-03-25 21:13:07,668 [Worker#STA_NP] INFO RaceDbRepository - FindById(id = 30)
2022-03-25 21:13:07,669 [Worker#STA_NP] INFO DBUtils - trying to connect to database ... Data Source=D:\\Proiecte\\databases\\mpp_lab_project_test.db;Version=3;
2022-03-25 21:13:07,745 [Worker#STA_NP] INFO RaceDbRepository - Result: race = 
2022-03-25 21:13:07,747 [Worker#STA_NP] INFO RaceDbRepository - FindById(id = 1)
2022-03-25 21:13:07,749 [Worker#STA_NP] INFO RaceDbRepository - Result: race = Race{ID=1, distance=_50m, style=Mixed, swimmersNumber=0}
2022-03-25 21:17:38,666 [Worker#STA_NP] INFO RaceDbRepository - Initialising RaceDBRepository...
2022-03-25 21:17:38,679 [Worker#STA_NP] INFO RaceDbRepository - FindRaceByDistanceAndStyle(distance = _50m, style = Freestyle)
2022-03-25 21:17:38,680 [Worker#STA_NP] INFO DBUtils - trying to connect to database ... Data Source=D:\\Proiecte\\databases\\mpp_lab_project_test.db;Version=3;
2022-03-25 21:17:38,757 [Worker#STA_NP] INFO RaceDbRepository - Result: race = Race{ID=2, distance=_50m, style=Freestyle, swimmersNumber=0}
