09 apr. 2022 09:12:34,516 INFO  services.SwimmingRaceServicesProxy 66 initializeConnection - Connection details: host: localhost, port: 55555
09 apr. 2022 09:12:34,526 INFO  services.SwimmingRaceServicesProxy 68 initializeConnection - Successfully connected!
09 apr. 2022 09:12:34,529 INFO  services.SwimmingRaceServicesProxy 81 startReader - Starting response reader thread...
09 apr. 2022 09:12:34,529 INFO  services.SwimmingRaceServicesProxy 49 login - Sending login request: username: admin, password: admin...
09 apr. 2022 09:12:34,529 INFO  services.SwimmingRaceServicesProxy$ReaderThread 198 run - Waiting for response...
09 apr. 2022 09:12:34,538 INFO  services.SwimmingRaceServicesProxy 103 sendRequest - Request send successfully!
09 apr. 2022 09:12:34,539 INFO  services.SwimmingRaceServicesProxy 51 login - Waiting for response...
09 apr. 2022 09:12:34,644 INFO  services.SwimmingRaceServicesProxy$ReaderThread 206 run - Response received. Queueing response...
09 apr. 2022 09:12:34,644 INFO  services.SwimmingRaceServicesProxy$ReaderThread 198 run - Waiting for response...
09 apr. 2022 09:12:34,644 INFO  services.SwimmingRaceServicesProxy 113 readResponse - Response read successfully!
09 apr. 2022 09:12:34,644 INFO  services.SwimmingRaceServicesProxy 54 login - OkResponse received!
09 apr. 2022 09:12:34,682 INFO  services.SwimmingRaceServicesProxy 138 findAllRacesDetails - Sending FindAllRacesDetailsRequest...
09 apr. 2022 09:12:34,683 INFO  services.SwimmingRaceServicesProxy 103 sendRequest - Request send successfully!
09 apr. 2022 09:12:34,683 INFO  services.SwimmingRaceServicesProxy 140 findAllRacesDetails - Waiting for response...
09 apr. 2022 09:12:35,679 INFO  services.SwimmingRaceServicesProxy$ReaderThread 206 run - Response received. Queueing response...
09 apr. 2022 09:12:35,679 INFO  services.SwimmingRaceServicesProxy$ReaderThread 198 run - Waiting for response...
09 apr. 2022 09:12:35,679 INFO  services.SwimmingRaceServicesProxy 113 readResponse - Response read successfully!
09 apr. 2022 09:12:35,679 INFO  services.SwimmingRaceServicesProxy 143 findAllRacesDetails - FindAllRacesDetailsResponse received!
09 apr. 2022 09:15:12,140 INFO  services.SwimmingRaceServicesProxy 171 addSwimmer - Sending AddSwimmerRequest: swimmerDetails: SwimmerDTO{swimmer=Swimmer{ID=null, firstName='Daniel', lastName='Dani', age=30}, raceDetailsDTOS=[_800m, _BACKSTROKE; ]}
09 apr. 2022 09:15:12,155 INFO  services.SwimmingRaceServicesProxy 103 sendRequest - Request send successfully!
09 apr. 2022 09:15:12,155 INFO  services.SwimmingRaceServicesProxy 173 addSwimmer - Waiting for response...
09 apr. 2022 09:15:12,179 INFO  services.SwimmingRaceServicesProxy$ReaderThread 206 run - Response received. Queueing response...
09 apr. 2022 09:15:12,179 INFO  services.SwimmingRaceServicesProxy$ReaderThread 198 run - Waiting for response...
09 apr. 2022 09:15:12,179 INFO  services.SwimmingRaceServicesProxy 113 readResponse - Response read successfully!
09 apr. 2022 09:15:12,179 INFO  services.SwimmingRaceServicesProxy 176 addSwimmer - OkResponse received!
09 apr. 2022 09:15:12,190 INFO  services.SwimmingRaceServicesProxy$ReaderThread 201 run - UpdateResponse received. Handling response...
09 apr. 2022 09:15:12,190 INFO  services.SwimmingRaceServicesProxy$ReaderThread 198 run - Waiting for response...
09 apr. 2022 09:15:12,190 INFO  services.SwimmingRaceServicesProxy 186 lambda$handleUpdate$0 - Updating UI...
09 apr. 2022 09:15:12,190 INFO  services.SwimmingRaceServicesProxy 138 findAllRacesDetails - Sending FindAllRacesDetailsRequest...
09 apr. 2022 09:15:12,190 INFO  services.SwimmingRaceServicesProxy 103 sendRequest - Request send successfully!
09 apr. 2022 09:15:12,191 INFO  services.SwimmingRaceServicesProxy 140 findAllRacesDetails - Waiting for response...
09 apr. 2022 09:15:13,189 INFO  services.SwimmingRaceServicesProxy$ReaderThread 206 run - Response received. Queueing response...
09 apr. 2022 09:15:13,189 INFO  services.SwimmingRaceServicesProxy$ReaderThread 198 run - Waiting for response...
09 apr. 2022 09:15:13,189 INFO  services.SwimmingRaceServicesProxy 113 readResponse - Response read successfully!
09 apr. 2022 09:15:13,189 INFO  services.SwimmingRaceServicesProxy 143 findAllRacesDetails - FindAllRacesDetailsResponse received!
09 apr. 2022 09:15:13,190 INFO  services.SwimmingRaceServicesProxy 188 lambda$handleUpdate$0 - UI updated successfully!
09 apr. 2022 09:15:49,497 INFO  services.SwimmingRaceServicesProxy 122 logout - Sending logout request: username: admin
09 apr. 2022 09:15:49,498 INFO  services.SwimmingRaceServicesProxy 103 sendRequest - Request send successfully!
09 apr. 2022 09:15:49,498 INFO  services.SwimmingRaceServicesProxy 124 logout - Waiting for response...
09 apr. 2022 09:15:49,499 INFO  services.SwimmingRaceServicesProxy$ReaderThread 206 run - Response received. Queueing response...
09 apr. 2022 09:15:49,499 INFO  services.SwimmingRaceServicesProxy$ReaderThread 198 run - Waiting for response...
09 apr. 2022 09:15:49,499 INFO  services.SwimmingRaceServicesProxy 113 readResponse - Response read successfully!
09 apr. 2022 09:15:49,500 INFO  services.SwimmingRaceServicesProxy 127 logout - OkResponse received!
09 apr. 2022 09:15:49,500 INFO  services.SwimmingRaceServicesProxy 86 closeConnection - Closing connection...
09 apr. 2022 09:15:49,501 INFO  services.SwimmingRaceServicesProxy 93 closeConnection - Connection closed successfully!
09 apr. 2022 09:29:38,517 INFO  services.SwimmingRaceServicesProxy 66 initializeConnection - Connection details: host: localhost, port: 55555
09 apr. 2022 09:29:38,524 INFO  services.SwimmingRaceServicesProxy 68 initializeConnection - Successfully connected!
09 apr. 2022 09:29:38,528 INFO  services.SwimmingRaceServicesProxy 81 startReader - Starting response reader thread...
09 apr. 2022 09:29:38,529 INFO  services.SwimmingRaceServicesProxy 49 login - Sending login request: username: admin, password: admin...
09 apr. 2022 09:29:38,537 INFO  services.SwimmingRaceServicesProxy 103 sendRequest - Request send successfully!
09 apr. 2022 09:29:38,538 INFO  services.SwimmingRaceServicesProxy 51 login - Waiting for response...
09 apr. 2022 09:29:38,641 INFO  services.SwimmingRaceServicesProxy 113 readResponse - Response read successfully!
09 apr. 2022 09:29:38,641 INFO  services.SwimmingRaceServicesProxy 54 login - OkResponse received!
09 apr. 2022 09:29:38,676 INFO  services.SwimmingRaceServicesProxy 138 findAllRacesDetails - Sending FindAllRacesDetailsRequest...
09 apr. 2022 09:29:38,677 INFO  services.SwimmingRaceServicesProxy 103 sendRequest - Request send successfully!
09 apr. 2022 09:29:38,677 INFO  services.SwimmingRaceServicesProxy 140 findAllRacesDetails - Waiting for response...
09 apr. 2022 09:29:39,672 INFO  services.SwimmingRaceServicesProxy 113 readResponse - Response read successfully!
09 apr. 2022 09:29:39,673 INFO  services.SwimmingRaceServicesProxy 143 findAllRacesDetails - FindAllRacesDetailsResponse received!
09 apr. 2022 09:30:57,669 INFO  services.SwimmingRaceServicesProxy 66 initializeConnection - Connection details: host: localhost, port: 55555
09 apr. 2022 09:30:57,676 INFO  services.SwimmingRaceServicesProxy 68 initializeConnection - Successfully connected!
09 apr. 2022 09:30:57,679 INFO  services.SwimmingRaceServicesProxy 81 startReader - Starting response reader thread...
09 apr. 2022 09:30:57,679 INFO  services.SwimmingRaceServicesProxy 49 login - Sending login request: username: admin, password: admin...
09 apr. 2022 09:30:57,683 INFO  services.SwimmingRaceServicesProxy 103 sendRequest - Request send successfully!
09 apr. 2022 09:30:57,683 INFO  services.SwimmingRaceServicesProxy 51 login - Waiting for response...
09 apr. 2022 09:30:57,794 INFO  services.SwimmingRaceServicesProxy 113 readResponse - Response read successfully!
09 apr. 2022 09:30:57,794 INFO  services.SwimmingRaceServicesProxy 54 login - OkResponse received!
09 apr. 2022 09:30:57,833 INFO  services.SwimmingRaceServicesProxy 138 findAllRacesDetails - Sending FindAllRacesDetailsRequest...
09 apr. 2022 09:30:57,834 INFO  services.SwimmingRaceServicesProxy 103 sendRequest - Request send successfully!
09 apr. 2022 09:30:57,834 INFO  services.SwimmingRaceServicesProxy 140 findAllRacesDetails - Waiting for response...
09 apr. 2022 09:30:58,827 INFO  services.SwimmingRaceServicesProxy 113 readResponse - Response read successfully!
09 apr. 2022 09:30:58,827 INFO  services.SwimmingRaceServicesProxy 143 findAllRacesDetails - FindAllRacesDetailsResponse received!
09 apr. 2022 09:31:04,780 INFO  services.SwimmingRaceServicesProxy 155 findAllSwimmersDetailsForRace - Sending FindAllSwimmersDetailsForRaceRequest: raceDetails: _50m, _MIXED; 
09 apr. 2022 09:31:04,782 INFO  services.SwimmingRaceServicesProxy 103 sendRequest - Request send successfully!
09 apr. 2022 09:31:04,782 INFO  services.SwimmingRaceServicesProxy 157 findAllSwimmersDetailsForRace - Waiting for response...
09 apr. 2022 09:31:04,795 INFO  services.SwimmingRaceServicesProxy 113 readResponse - Response read successfully!
09 apr. 2022 09:31:23,237 INFO  services.SwimmingRaceServicesProxy 171 addSwimmer - Sending AddSwimmerRequest: swimmerDetails: SwimmerDTO{swimmer=Swimmer{ID=null, firstName='Nicu', lastName='Nicu', age=20}, raceDetailsDTOS=[_50m, _MIXED; , _50m, _FREESTYLE; ]}
09 apr. 2022 09:31:23,239 INFO  services.SwimmingRaceServicesProxy 103 sendRequest - Request send successfully!
09 apr. 2022 09:31:23,239 INFO  services.SwimmingRaceServicesProxy 173 addSwimmer - Waiting for response...
09 apr. 2022 09:31:23,269 INFO  services.SwimmingRaceServicesProxy 113 readResponse - Response read successfully!
09 apr. 2022 09:31:23,269 INFO  services.SwimmingRaceServicesProxy 176 addSwimmer - OkResponse received!
09 apr. 2022 09:31:23,279 INFO  services.SwimmingRaceServicesProxy$ReaderThread 200 run - UpdateResponse received. Handling response...
09 apr. 2022 09:31:23,280 INFO  services.SwimmingRaceServicesProxy 186 lambda$handleUpdate$0 - Updating UI...
09 apr. 2022 09:31:23,280 INFO  services.SwimmingRaceServicesProxy 138 findAllRacesDetails - Sending FindAllRacesDetailsRequest...
09 apr. 2022 09:31:23,280 INFO  services.SwimmingRaceServicesProxy 103 sendRequest - Request send successfully!
09 apr. 2022 09:31:23,280 INFO  services.SwimmingRaceServicesProxy 140 findAllRacesDetails - Waiting for response...
09 apr. 2022 09:31:24,286 INFO  services.SwimmingRaceServicesProxy 113 readResponse - Response read successfully!
09 apr. 2022 09:31:24,286 INFO  services.SwimmingRaceServicesProxy 143 findAllRacesDetails - FindAllRacesDetailsResponse received!
09 apr. 2022 09:31:24,287 INFO  services.SwimmingRaceServicesProxy 155 findAllSwimmersDetailsForRace - Sending FindAllSwimmersDetailsForRaceRequest: raceDetails: _50m, _MIXED; 
09 apr. 2022 09:31:24,288 INFO  services.SwimmingRaceServicesProxy 103 sendRequest - Request send successfully!
09 apr. 2022 09:31:24,288 INFO  services.SwimmingRaceServicesProxy 157 findAllSwimmersDetailsForRace - Waiting for response...
09 apr. 2022 09:31:25,294 INFO  services.SwimmingRaceServicesProxy 113 readResponse - Response read successfully!
09 apr. 2022 09:31:25,295 INFO  services.SwimmingRaceServicesProxy 188 lambda$handleUpdate$0 - UI updated successfully!
09 apr. 2022 09:31:46,395 INFO  services.SwimmingRaceServicesProxy 66 initializeConnection - Connection details: host: localhost, port: 55555
09 apr. 2022 09:31:46,402 INFO  services.SwimmingRaceServicesProxy 68 initializeConnection - Successfully connected!
09 apr. 2022 09:31:46,405 INFO  services.SwimmingRaceServicesProxy 81 startReader - Starting response reader thread...
09 apr. 2022 09:31:46,405 INFO  services.SwimmingRaceServicesProxy 49 login - Sending login request: username: ana, password: ana...
09 apr. 2022 09:31:46,409 INFO  services.SwimmingRaceServicesProxy 103 sendRequest - Request send successfully!
09 apr. 2022 09:31:46,409 INFO  services.SwimmingRaceServicesProxy 51 login - Waiting for response...
09 apr. 2022 09:31:46,411 INFO  services.SwimmingRaceServicesProxy 113 readResponse - Response read successfully!
09 apr. 2022 09:31:46,411 INFO  services.SwimmingRaceServicesProxy 54 login - OkResponse received!
09 apr. 2022 09:31:46,454 INFO  services.SwimmingRaceServicesProxy 138 findAllRacesDetails - Sending FindAllRacesDetailsRequest...
09 apr. 2022 09:31:46,455 INFO  services.SwimmingRaceServicesProxy 103 sendRequest - Request send successfully!
09 apr. 2022 09:31:46,455 INFO  services.SwimmingRaceServicesProxy 140 findAllRacesDetails - Waiting for response...
09 apr. 2022 09:31:47,428 INFO  services.SwimmingRaceServicesProxy 113 readResponse - Response read successfully!
09 apr. 2022 09:31:47,428 INFO  services.SwimmingRaceServicesProxy 143 findAllRacesDetails - FindAllRacesDetailsResponse received!
09 apr. 2022 09:31:54,864 INFO  services.SwimmingRaceServicesProxy 155 findAllSwimmersDetailsForRace - Sending FindAllSwimmersDetailsForRaceRequest: raceDetails: _50m, _FREESTYLE; 
09 apr. 2022 09:31:54,865 INFO  services.SwimmingRaceServicesProxy 103 sendRequest - Request send successfully!
09 apr. 2022 09:31:54,866 INFO  services.SwimmingRaceServicesProxy 157 findAllSwimmersDetailsForRace - Waiting for response...
09 apr. 2022 09:31:54,872 INFO  services.SwimmingRaceServicesProxy 113 readResponse - Response read successfully!
09 apr. 2022 09:32:07,287 INFO  services.SwimmingRaceServicesProxy 171 addSwimmer - Sending AddSwimmerRequest: swimmerDetails: SwimmerDTO{swimmer=Swimmer{ID=null, firstName='Dorel', lastName='Dorel', age=20}, raceDetailsDTOS=[_50m, _MIXED; , _50m, _FREESTYLE; ]}
09 apr. 2022 09:32:07,289 INFO  services.SwimmingRaceServicesProxy 103 sendRequest - Request send successfully!
09 apr. 2022 09:32:07,289 INFO  services.SwimmingRaceServicesProxy 173 addSwimmer - Waiting for response...
09 apr. 2022 09:32:07,333 INFO  services.SwimmingRaceServicesProxy 113 readResponse - Response read successfully!
09 apr. 2022 09:32:07,333 INFO  services.SwimmingRaceServicesProxy 176 addSwimmer - OkResponse received!
09 apr. 2022 09:32:07,340 INFO  services.SwimmingRaceServicesProxy$ReaderThread 200 run - UpdateResponse received. Handling response...
09 apr. 2022 09:32:07,340 INFO  services.SwimmingRaceServicesProxy 186 lambda$handleUpdate$0 - Updating UI...
09 apr. 2022 09:32:07,341 INFO  services.SwimmingRaceServicesProxy 138 findAllRacesDetails - Sending FindAllRacesDetailsRequest...
09 apr. 2022 09:32:07,341 INFO  services.SwimmingRaceServicesProxy 103 sendRequest - Request send successfully!
09 apr. 2022 09:32:07,341 INFO  services.SwimmingRaceServicesProxy 140 findAllRacesDetails - Waiting for response...
09 apr. 2022 09:32:07,343 INFO  services.SwimmingRaceServicesProxy$ReaderThread 200 run - UpdateResponse received. Handling response...
09 apr. 2022 09:32:07,344 INFO  services.SwimmingRaceServicesProxy 186 lambda$handleUpdate$0 - Updating UI...
09 apr. 2022 09:32:07,344 INFO  services.SwimmingRaceServicesProxy 138 findAllRacesDetails - Sending FindAllRacesDetailsRequest...
09 apr. 2022 09:32:07,344 INFO  services.SwimmingRaceServicesProxy 103 sendRequest - Request send successfully!
09 apr. 2022 09:32:07,344 INFO  services.SwimmingRaceServicesProxy 140 findAllRacesDetails - Waiting for response...
09 apr. 2022 09:32:07,348 INFO  services.SwimmingRaceServicesProxy 113 readResponse - Response read successfully!
09 apr. 2022 09:32:07,348 INFO  services.SwimmingRaceServicesProxy 143 findAllRacesDetails - FindAllRacesDetailsResponse received!
09 apr. 2022 09:32:07,349 INFO  services.SwimmingRaceServicesProxy 155 findAllSwimmersDetailsForRace - Sending FindAllSwimmersDetailsForRaceRequest: raceDetails: _50m, _MIXED; 
09 apr. 2022 09:32:07,350 INFO  services.SwimmingRaceServicesProxy 103 sendRequest - Request send successfully!
09 apr. 2022 09:32:07,350 INFO  services.SwimmingRaceServicesProxy 157 findAllSwimmersDetailsForRace - Waiting for response...
09 apr. 2022 09:32:08,338 INFO  services.SwimmingRaceServicesProxy 113 readResponse - Response read successfully!
09 apr. 2022 09:32:08,338 INFO  services.SwimmingRaceServicesProxy 143 findAllRacesDetails - FindAllRacesDetailsResponse received!
09 apr. 2022 09:32:08,340 INFO  services.SwimmingRaceServicesProxy 155 findAllSwimmersDetailsForRace - Sending FindAllSwimmersDetailsForRaceRequest: raceDetails: _50m, _FREESTYLE; 
09 apr. 2022 09:32:08,340 INFO  services.SwimmingRaceServicesProxy 103 sendRequest - Request send successfully!
09 apr. 2022 09:32:08,340 INFO  services.SwimmingRaceServicesProxy 157 findAllSwimmersDetailsForRace - Waiting for response...
09 apr. 2022 09:32:08,365 INFO  services.SwimmingRaceServicesProxy 113 readResponse - Response read successfully!
09 apr. 2022 09:32:08,365 INFO  services.SwimmingRaceServicesProxy 188 lambda$handleUpdate$0 - UI updated successfully!
09 apr. 2022 09:32:09,344 INFO  services.SwimmingRaceServicesProxy 113 readResponse - Response read successfully!
09 apr. 2022 09:32:09,345 INFO  services.SwimmingRaceServicesProxy 188 lambda$handleUpdate$0 - UI updated successfully!
09 apr. 2022 09:32:13,369 INFO  services.SwimmingRaceServicesProxy 122 logout - Sending logout request: username: admin
09 apr. 2022 09:32:13,370 INFO  services.SwimmingRaceServicesProxy 103 sendRequest - Request send successfully!
09 apr. 2022 09:32:13,370 INFO  services.SwimmingRaceServicesProxy 124 logout - Waiting for response...
09 apr. 2022 09:32:13,371 INFO  services.SwimmingRaceServicesProxy 113 readResponse - Response read successfully!
09 apr. 2022 09:32:13,371 INFO  services.SwimmingRaceServicesProxy 127 logout - OkResponse received!
09 apr. 2022 09:32:13,371 INFO  services.SwimmingRaceServicesProxy 86 closeConnection - Closing connection...
09 apr. 2022 09:32:13,372 INFO  services.SwimmingRaceServicesProxy 93 closeConnection - Connection closed successfully!
09 apr. 2022 09:32:18,893 INFO  services.SwimmingRaceServicesProxy 155 findAllSwimmersDetailsForRace - Sending FindAllSwimmersDetailsForRaceRequest: raceDetails: _800m, _FREESTYLE; 
09 apr. 2022 09:32:18,893 INFO  services.SwimmingRaceServicesProxy 103 sendRequest - Request send successfully!
09 apr. 2022 09:32:18,894 INFO  services.SwimmingRaceServicesProxy 157 findAllSwimmersDetailsForRace - Waiting for response...
09 apr. 2022 09:32:18,895 INFO  services.SwimmingRaceServicesProxy 113 readResponse - Response read successfully!
09 apr. 2022 09:32:23,193 INFO  services.SwimmingRaceServicesProxy 122 logout - Sending logout request: username: ana
09 apr. 2022 09:32:23,194 INFO  services.SwimmingRaceServicesProxy 103 sendRequest - Request send successfully!
09 apr. 2022 09:32:23,194 INFO  services.SwimmingRaceServicesProxy 124 logout - Waiting for response...
09 apr. 2022 09:32:23,194 INFO  services.SwimmingRaceServicesProxy 113 readResponse - Response read successfully!
09 apr. 2022 09:32:23,195 INFO  services.SwimmingRaceServicesProxy 127 logout - OkResponse received!
09 apr. 2022 09:32:23,195 INFO  services.SwimmingRaceServicesProxy 86 closeConnection - Closing connection...
09 apr. 2022 09:32:23,196 INFO  services.SwimmingRaceServicesProxy 93 closeConnection - Connection closed successfully!
09 apr. 2022 09:32:59,124 INFO  services.SwimmingRaceServicesProxy 66 initializeConnection - Connection details: host: localhost, port: 55555
09 apr. 2022 09:32:59,130 INFO  services.SwimmingRaceServicesProxy 68 initializeConnection - Successfully connected!
09 apr. 2022 09:32:59,133 INFO  services.SwimmingRaceServicesProxy 81 startReader - Starting response reader thread...
09 apr. 2022 09:32:59,133 INFO  services.SwimmingRaceServicesProxy 49 login - Sending login request: username: admin, password: admin...
09 apr. 2022 09:32:59,137 INFO  services.SwimmingRaceServicesProxy 103 sendRequest - Request send successfully!
09 apr. 2022 09:32:59,137 INFO  services.SwimmingRaceServicesProxy 51 login - Waiting for response...
09 apr. 2022 09:32:59,139 INFO  services.SwimmingRaceServicesProxy 113 readResponse - Response read successfully!
09 apr. 2022 09:32:59,139 INFO  services.SwimmingRaceServicesProxy 54 login - OkResponse received!
09 apr. 2022 09:32:59,178 INFO  services.SwimmingRaceServicesProxy 138 findAllRacesDetails - Sending FindAllRacesDetailsRequest...
09 apr. 2022 09:32:59,179 INFO  services.SwimmingRaceServicesProxy 103 sendRequest - Request send successfully!
09 apr. 2022 09:32:59,179 INFO  services.SwimmingRaceServicesProxy 140 findAllRacesDetails - Waiting for response...
09 apr. 2022 09:33:00,155 INFO  services.SwimmingRaceServicesProxy 113 readResponse - Response read successfully!
09 apr. 2022 09:33:00,155 INFO  services.SwimmingRaceServicesProxy 143 findAllRacesDetails - FindAllRacesDetailsResponse received!
09 apr. 2022 09:33:13,368 INFO  services.SwimmingRaceServicesProxy 66 initializeConnection - Connection details: host: localhost, port: 55555
09 apr. 2022 09:33:13,374 INFO  services.SwimmingRaceServicesProxy 68 initializeConnection - Successfully connected!
09 apr. 2022 09:33:13,383 INFO  services.SwimmingRaceServicesProxy 81 startReader - Starting response reader thread...
09 apr. 2022 09:33:13,383 INFO  services.SwimmingRaceServicesProxy 49 login - Sending login request: username: ion, password: ion...
09 apr. 2022 09:33:13,387 INFO  services.SwimmingRaceServicesProxy 103 sendRequest - Request send successfully!
09 apr. 2022 09:33:13,387 INFO  services.SwimmingRaceServicesProxy 51 login - Waiting for response...
09 apr. 2022 09:33:13,389 INFO  services.SwimmingRaceServicesProxy 113 readResponse - Response read successfully!
09 apr. 2022 09:33:13,389 INFO  services.SwimmingRaceServicesProxy 54 login - OkResponse received!
09 apr. 2022 09:33:13,425 INFO  services.SwimmingRaceServicesProxy 138 findAllRacesDetails - Sending FindAllRacesDetailsRequest...
09 apr. 2022 09:33:13,426 INFO  services.SwimmingRaceServicesProxy 103 sendRequest - Request send successfully!
09 apr. 2022 09:33:13,426 INFO  services.SwimmingRaceServicesProxy 140 findAllRacesDetails - Waiting for response...
09 apr. 2022 09:33:14,401 INFO  services.SwimmingRaceServicesProxy 113 readResponse - Response read successfully!
09 apr. 2022 09:33:14,402 INFO  services.SwimmingRaceServicesProxy 143 findAllRacesDetails - FindAllRacesDetailsResponse received!
09 apr. 2022 09:33:32,300 INFO  services.SwimmingRaceServicesProxy 155 findAllSwimmersDetailsForRace - Sending FindAllSwimmersDetailsForRaceRequest: raceDetails: _200m, _FREESTYLE; 
09 apr. 2022 09:33:32,302 INFO  services.SwimmingRaceServicesProxy 103 sendRequest - Request send successfully!
09 apr. 2022 09:33:32,302 INFO  services.SwimmingRaceServicesProxy 157 findAllSwimmersDetailsForRace - Waiting for response...
09 apr. 2022 09:33:32,309 INFO  services.SwimmingRaceServicesProxy 113 readResponse - Response read successfully!
09 apr. 2022 09:33:37,801 INFO  services.SwimmingRaceServicesProxy 155 findAllSwimmersDetailsForRace - Sending FindAllSwimmersDetailsForRaceRequest: raceDetails: _50m, _BUTTERFLY; 
09 apr. 2022 09:33:37,803 INFO  services.SwimmingRaceServicesProxy 103 sendRequest - Request send successfully!
09 apr. 2022 09:33:37,803 INFO  services.SwimmingRaceServicesProxy 157 findAllSwimmersDetailsForRace - Waiting for response...
09 apr. 2022 09:33:37,811 INFO  services.SwimmingRaceServicesProxy 113 readResponse - Response read successfully!
09 apr. 2022 09:34:02,579 INFO  services.SwimmingRaceServicesProxy 171 addSwimmer - Sending AddSwimmerRequest: swimmerDetails: SwimmerDTO{swimmer=Swimmer{ID=null, firstName='Octav', lastName='Octav', age=25}, raceDetailsDTOS=[_50m, _BUTTERFLY; , _200m, _FREESTYLE; ]}
09 apr. 2022 09:34:02,581 INFO  services.SwimmingRaceServicesProxy 103 sendRequest - Request send successfully!
09 apr. 2022 09:34:02,581 INFO  services.SwimmingRaceServicesProxy 173 addSwimmer - Waiting for response...
09 apr. 2022 09:34:02,612 INFO  services.SwimmingRaceServicesProxy 113 readResponse - Response read successfully!
09 apr. 2022 09:34:02,613 INFO  services.SwimmingRaceServicesProxy 176 addSwimmer - OkResponse received!
09 apr. 2022 09:34:02,618 INFO  services.SwimmingRaceServicesProxy$ReaderThread 200 run - UpdateResponse received. Handling response...
09 apr. 2022 09:34:02,618 INFO  services.SwimmingRaceServicesProxy 186 lambda$handleUpdate$0 - Updating UI...
09 apr. 2022 09:34:02,618 INFO  services.SwimmingRaceServicesProxy 138 findAllRacesDetails - Sending FindAllRacesDetailsRequest...
09 apr. 2022 09:34:02,619 INFO  services.SwimmingRaceServicesProxy 103 sendRequest - Request send successfully!
09 apr. 2022 09:34:02,619 INFO  services.SwimmingRaceServicesProxy 140 findAllRacesDetails - Waiting for response...
09 apr. 2022 09:34:02,620 INFO  services.SwimmingRaceServicesProxy$ReaderThread 200 run - UpdateResponse received. Handling response...
09 apr. 2022 09:34:02,621 INFO  services.SwimmingRaceServicesProxy 186 lambda$handleUpdate$0 - Updating UI...
09 apr. 2022 09:34:02,621 INFO  services.SwimmingRaceServicesProxy 138 findAllRacesDetails - Sending FindAllRacesDetailsRequest...
09 apr. 2022 09:34:02,622 INFO  services.SwimmingRaceServicesProxy 103 sendRequest - Request send successfully!
09 apr. 2022 09:34:02,622 INFO  services.SwimmingRaceServicesProxy 140 findAllRacesDetails - Waiting for response...
09 apr. 2022 09:34:02,625 INFO  services.SwimmingRaceServicesProxy 113 readResponse - Response read successfully!
09 apr. 2022 09:34:02,625 INFO  services.SwimmingRaceServicesProxy 143 findAllRacesDetails - FindAllRacesDetailsResponse received!
09 apr. 2022 09:34:02,626 INFO  services.SwimmingRaceServicesProxy 155 findAllSwimmersDetailsForRace - Sending FindAllSwimmersDetailsForRaceRequest: raceDetails: _50m, _BUTTERFLY; 
09 apr. 2022 09:34:02,627 INFO  services.SwimmingRaceServicesProxy 103 sendRequest - Request send successfully!
09 apr. 2022 09:34:02,627 INFO  services.SwimmingRaceServicesProxy 157 findAllSwimmersDetailsForRace - Waiting for response...
09 apr. 2022 09:34:03,617 INFO  services.SwimmingRaceServicesProxy 113 readResponse - Response read successfully!
09 apr. 2022 09:34:03,618 INFO  services.SwimmingRaceServicesProxy 143 findAllRacesDetails - FindAllRacesDetailsResponse received!
09 apr. 2022 09:34:03,619 INFO  services.SwimmingRaceServicesProxy 155 findAllSwimmersDetailsForRace - Sending FindAllSwimmersDetailsForRaceRequest: raceDetails: _200m, _FREESTYLE; 
09 apr. 2022 09:34:03,619 INFO  services.SwimmingRaceServicesProxy 103 sendRequest - Request send successfully!
09 apr. 2022 09:34:03,620 INFO  services.SwimmingRaceServicesProxy 157 findAllSwimmersDetailsForRace - Waiting for response...
09 apr. 2022 09:34:03,641 INFO  services.SwimmingRaceServicesProxy 113 readResponse - Response read successfully!
09 apr. 2022 09:34:03,641 INFO  services.SwimmingRaceServicesProxy 188 lambda$handleUpdate$0 - UI updated successfully!
09 apr. 2022 09:34:04,621 INFO  services.SwimmingRaceServicesProxy 113 readResponse - Response read successfully!
09 apr. 2022 09:34:04,621 INFO  services.SwimmingRaceServicesProxy 188 lambda$handleUpdate$0 - UI updated successfully!
09 apr. 2022 09:34:09,733 INFO  services.SwimmingRaceServicesProxy 122 logout - Sending logout request: username: ion
09 apr. 2022 09:34:09,734 INFO  services.SwimmingRaceServicesProxy 103 sendRequest - Request send successfully!
09 apr. 2022 09:34:09,734 INFO  services.SwimmingRaceServicesProxy 124 logout - Waiting for response...
09 apr. 2022 09:34:09,735 INFO  services.SwimmingRaceServicesProxy 113 readResponse - Response read successfully!
09 apr. 2022 09:34:09,735 INFO  services.SwimmingRaceServicesProxy 127 logout - OkResponse received!
09 apr. 2022 09:34:09,735 INFO  services.SwimmingRaceServicesProxy 86 closeConnection - Closing connection...
09 apr. 2022 09:34:09,736 INFO  services.SwimmingRaceServicesProxy 93 closeConnection - Connection closed successfully!
09 apr. 2022 09:34:20,029 INFO  services.SwimmingRaceServicesProxy 171 addSwimmer - Sending AddSwimmerRequest: swimmerDetails: SwimmerDTO{swimmer=Swimmer{ID=null, firstName='Didi', lastName='Didi', age=19}, raceDetailsDTOS=[_50m, _BUTTERFLY; , _50m, _BACKSTROKE; ]}
09 apr. 2022 09:34:20,029 INFO  services.SwimmingRaceServicesProxy 103 sendRequest - Request send successfully!
09 apr. 2022 09:34:20,029 INFO  services.SwimmingRaceServicesProxy 173 addSwimmer - Waiting for response...
09 apr. 2022 09:34:20,052 INFO  services.SwimmingRaceServicesProxy 113 readResponse - Response read successfully!
09 apr. 2022 09:34:20,052 INFO  services.SwimmingRaceServicesProxy 176 addSwimmer - OkResponse received!
09 apr. 2022 09:34:20,056 INFO  services.SwimmingRaceServicesProxy$ReaderThread 200 run - UpdateResponse received. Handling response...
09 apr. 2022 09:34:20,056 INFO  services.SwimmingRaceServicesProxy 186 lambda$handleUpdate$0 - Updating UI...
09 apr. 2022 09:34:20,056 INFO  services.SwimmingRaceServicesProxy 138 findAllRacesDetails - Sending FindAllRacesDetailsRequest...
09 apr. 2022 09:34:20,056 INFO  services.SwimmingRaceServicesProxy 103 sendRequest - Request send successfully!
09 apr. 2022 09:34:20,056 INFO  services.SwimmingRaceServicesProxy 140 findAllRacesDetails - Waiting for response...
09 apr. 2022 09:34:21,059 INFO  services.SwimmingRaceServicesProxy 113 readResponse - Response read successfully!
09 apr. 2022 09:34:21,059 INFO  services.SwimmingRaceServicesProxy 143 findAllRacesDetails - FindAllRacesDetailsResponse received!
09 apr. 2022 09:34:21,060 INFO  services.SwimmingRaceServicesProxy 155 findAllSwimmersDetailsForRace - Sending FindAllSwimmersDetailsForRaceRequest: raceDetails: _200m, _FREESTYLE; 
09 apr. 2022 09:34:21,060 INFO  services.SwimmingRaceServicesProxy 103 sendRequest - Request send successfully!
09 apr. 2022 09:34:21,060 INFO  services.SwimmingRaceServicesProxy 157 findAllSwimmersDetailsForRace - Waiting for response...
09 apr. 2022 09:34:22,070 INFO  services.SwimmingRaceServicesProxy 113 readResponse - Response read successfully!
09 apr. 2022 09:34:22,070 INFO  services.SwimmingRaceServicesProxy 188 lambda$handleUpdate$0 - UI updated successfully!
09 apr. 2022 09:34:29,493 INFO  services.SwimmingRaceServicesProxy 155 findAllSwimmersDetailsForRace - Sending FindAllSwimmersDetailsForRaceRequest: raceDetails: _200m, _FREESTYLE; 
09 apr. 2022 09:34:29,494 INFO  services.SwimmingRaceServicesProxy 103 sendRequest - Request send successfully!
09 apr. 2022 09:34:29,494 INFO  services.SwimmingRaceServicesProxy 157 findAllSwimmersDetailsForRace - Waiting for response...
09 apr. 2022 09:34:29,497 INFO  services.SwimmingRaceServicesProxy 113 readResponse - Response read successfully!
09 apr. 2022 09:34:40,061 INFO  services.SwimmingRaceServicesProxy 155 findAllSwimmersDetailsForRace - Sending FindAllSwimmersDetailsForRaceRequest: raceDetails: _200m, _BUTTERFLY; 
09 apr. 2022 09:34:40,062 INFO  services.SwimmingRaceServicesProxy 103 sendRequest - Request send successfully!
09 apr. 2022 09:34:40,062 INFO  services.SwimmingRaceServicesProxy 157 findAllSwimmersDetailsForRace - Waiting for response...
09 apr. 2022 09:34:40,066 INFO  services.SwimmingRaceServicesProxy 113 readResponse - Response read successfully!
09 apr. 2022 09:34:44,523 INFO  services.SwimmingRaceServicesProxy 155 findAllSwimmersDetailsForRace - Sending FindAllSwimmersDetailsForRaceRequest: raceDetails: _200m, _MIXED; 
09 apr. 2022 09:34:44,523 INFO  services.SwimmingRaceServicesProxy 103 sendRequest - Request send successfully!
09 apr. 2022 09:34:44,523 INFO  services.SwimmingRaceServicesProxy 157 findAllSwimmersDetailsForRace - Waiting for response...
09 apr. 2022 09:34:44,525 INFO  services.SwimmingRaceServicesProxy 113 readResponse - Response read successfully!
09 apr. 2022 09:35:06,116 INFO  services.SwimmingRaceServicesProxy 171 addSwimmer - Sending AddSwimmerRequest: swimmerDetails: SwimmerDTO{swimmer=Swimmer{ID=null, firstName='George', lastName='Didi', age=19}, raceDetailsDTOS=[_50m, _MIXED; ]}
09 apr. 2022 09:35:06,116 INFO  services.SwimmingRaceServicesProxy 103 sendRequest - Request send successfully!
09 apr. 2022 09:35:06,116 INFO  services.SwimmingRaceServicesProxy 173 addSwimmer - Waiting for response...
09 apr. 2022 09:35:06,147 INFO  services.SwimmingRaceServicesProxy 113 readResponse - Response read successfully!
09 apr. 2022 09:35:06,147 INFO  services.SwimmingRaceServicesProxy 176 addSwimmer - OkResponse received!
09 apr. 2022 09:35:06,151 INFO  services.SwimmingRaceServicesProxy$ReaderThread 200 run - UpdateResponse received. Handling response...
09 apr. 2022 09:35:06,151 INFO  services.SwimmingRaceServicesProxy 186 lambda$handleUpdate$0 - Updating UI...
09 apr. 2022 09:35:06,151 INFO  services.SwimmingRaceServicesProxy 138 findAllRacesDetails - Sending FindAllRacesDetailsRequest...
09 apr. 2022 09:35:06,151 INFO  services.SwimmingRaceServicesProxy 103 sendRequest - Request send successfully!
09 apr. 2022 09:35:06,151 INFO  services.SwimmingRaceServicesProxy 140 findAllRacesDetails - Waiting for response...
09 apr. 2022 09:35:07,153 INFO  services.SwimmingRaceServicesProxy 113 readResponse - Response read successfully!
09 apr. 2022 09:35:07,153 INFO  services.SwimmingRaceServicesProxy 143 findAllRacesDetails - FindAllRacesDetailsResponse received!
09 apr. 2022 09:35:07,154 INFO  services.SwimmingRaceServicesProxy 155 findAllSwimmersDetailsForRace - Sending FindAllSwimmersDetailsForRaceRequest: raceDetails: _200m, _MIXED; 
09 apr. 2022 09:35:07,154 INFO  services.SwimmingRaceServicesProxy 103 sendRequest - Request send successfully!
09 apr. 2022 09:35:07,154 INFO  services.SwimmingRaceServicesProxy 157 findAllSwimmersDetailsForRace - Waiting for response...
09 apr. 2022 09:35:08,161 INFO  services.SwimmingRaceServicesProxy 113 readResponse - Response read successfully!
09 apr. 2022 09:35:08,161 INFO  services.SwimmingRaceServicesProxy 188 lambda$handleUpdate$0 - UI updated successfully!
09 apr. 2022 09:35:25,256 INFO  services.SwimmingRaceServicesProxy 155 findAllSwimmersDetailsForRace - Sending FindAllSwimmersDetailsForRaceRequest: raceDetails: _50m, _MIXED; 
09 apr. 2022 09:35:25,256 INFO  services.SwimmingRaceServicesProxy 103 sendRequest - Request send successfully!
09 apr. 2022 09:35:25,256 INFO  services.SwimmingRaceServicesProxy 157 findAllSwimmersDetailsForRace - Waiting for response...
09 apr. 2022 09:35:25,260 INFO  services.SwimmingRaceServicesProxy 113 readResponse - Response read successfully!
09 apr. 2022 09:35:40,562 INFO  services.SwimmingRaceServicesProxy 155 findAllSwimmersDetailsForRace - Sending FindAllSwimmersDetailsForRaceRequest: raceDetails: _200m, _MIXED; 
09 apr. 2022 09:35:40,562 INFO  services.SwimmingRaceServicesProxy 103 sendRequest - Request send successfully!
09 apr. 2022 09:35:40,562 INFO  services.SwimmingRaceServicesProxy 157 findAllSwimmersDetailsForRace - Waiting for response...
09 apr. 2022 09:35:40,564 INFO  services.SwimmingRaceServicesProxy 113 readResponse - Response read successfully!
09 apr. 2022 09:35:43,542 INFO  services.SwimmingRaceServicesProxy 155 findAllSwimmersDetailsForRace - Sending FindAllSwimmersDetailsForRaceRequest: raceDetails: _200m, _BUTTERFLY; 
09 apr. 2022 09:35:43,543 INFO  services.SwimmingRaceServicesProxy 103 sendRequest - Request send successfully!
09 apr. 2022 09:35:43,543 INFO  services.SwimmingRaceServicesProxy 157 findAllSwimmersDetailsForRace - Waiting for response...
09 apr. 2022 09:35:43,546 INFO  services.SwimmingRaceServicesProxy 113 readResponse - Response read successfully!
09 apr. 2022 09:35:45,447 INFO  services.SwimmingRaceServicesProxy 155 findAllSwimmersDetailsForRace - Sending FindAllSwimmersDetailsForRaceRequest: raceDetails: _200m, _BACKSTROKE; 
09 apr. 2022 09:35:45,447 INFO  services.SwimmingRaceServicesProxy 103 sendRequest - Request send successfully!
09 apr. 2022 09:35:45,447 INFO  services.SwimmingRaceServicesProxy 157 findAllSwimmersDetailsForRace - Waiting for response...
09 apr. 2022 09:35:45,449 INFO  services.SwimmingRaceServicesProxy 113 readResponse - Response read successfully!
09 apr. 2022 09:35:47,097 INFO  services.SwimmingRaceServicesProxy 155 findAllSwimmersDetailsForRace - Sending FindAllSwimmersDetailsForRaceRequest: raceDetails: _200m, _FREESTYLE; 
09 apr. 2022 09:35:47,097 INFO  services.SwimmingRaceServicesProxy 103 sendRequest - Request send successfully!
09 apr. 2022 09:35:47,097 INFO  services.SwimmingRaceServicesProxy 157 findAllSwimmersDetailsForRace - Waiting for response...
09 apr. 2022 09:35:47,100 INFO  services.SwimmingRaceServicesProxy 113 readResponse - Response read successfully!
09 apr. 2022 09:35:52,831 INFO  services.SwimmingRaceServicesProxy 155 findAllSwimmersDetailsForRace - Sending FindAllSwimmersDetailsForRaceRequest: raceDetails: _800m, _FREESTYLE; 
09 apr. 2022 09:35:52,831 INFO  services.SwimmingRaceServicesProxy 103 sendRequest - Request send successfully!
09 apr. 2022 09:35:52,831 INFO  services.SwimmingRaceServicesProxy 157 findAllSwimmersDetailsForRace - Waiting for response...
09 apr. 2022 09:35:52,833 INFO  services.SwimmingRaceServicesProxy 113 readResponse - Response read successfully!
09 apr. 2022 09:35:55,087 INFO  services.SwimmingRaceServicesProxy 155 findAllSwimmersDetailsForRace - Sending FindAllSwimmersDetailsForRaceRequest: raceDetails: _800m, _BACKSTROKE; 
09 apr. 2022 09:35:55,088 INFO  services.SwimmingRaceServicesProxy 103 sendRequest - Request send successfully!
09 apr. 2022 09:35:55,088 INFO  services.SwimmingRaceServicesProxy 157 findAllSwimmersDetailsForRace - Waiting for response...
09 apr. 2022 09:35:55,090 INFO  services.SwimmingRaceServicesProxy 113 readResponse - Response read successfully!
09 apr. 2022 09:35:56,816 INFO  services.SwimmingRaceServicesProxy 155 findAllSwimmersDetailsForRace - Sending FindAllSwimmersDetailsForRaceRequest: raceDetails: _800m, _BUTTERFLY; 
09 apr. 2022 09:35:56,816 INFO  services.SwimmingRaceServicesProxy 103 sendRequest - Request send successfully!
09 apr. 2022 09:35:56,816 INFO  services.SwimmingRaceServicesProxy 157 findAllSwimmersDetailsForRace - Waiting for response...
09 apr. 2022 09:35:56,818 INFO  services.SwimmingRaceServicesProxy 113 readResponse - Response read successfully!
09 apr. 2022 09:35:58,396 INFO  services.SwimmingRaceServicesProxy 155 findAllSwimmersDetailsForRace - Sending FindAllSwimmersDetailsForRaceRequest: raceDetails: _800m, _MIXED; 
09 apr. 2022 09:35:58,397 INFO  services.SwimmingRaceServicesProxy 103 sendRequest - Request send successfully!
09 apr. 2022 09:35:58,397 INFO  services.SwimmingRaceServicesProxy 157 findAllSwimmersDetailsForRace - Waiting for response...
09 apr. 2022 09:35:58,398 INFO  services.SwimmingRaceServicesProxy 113 readResponse - Response read successfully!
09 apr. 2022 09:36:10,809 INFO  services.SwimmingRaceServicesProxy 155 findAllSwimmersDetailsForRace - Sending FindAllSwimmersDetailsForRaceRequest: raceDetails: _200m, _MIXED; 
09 apr. 2022 09:36:10,810 INFO  services.SwimmingRaceServicesProxy 103 sendRequest - Request send successfully!
09 apr. 2022 09:36:10,810 INFO  services.SwimmingRaceServicesProxy 157 findAllSwimmersDetailsForRace - Waiting for response...
09 apr. 2022 09:36:10,812 INFO  services.SwimmingRaceServicesProxy 113 readResponse - Response read successfully!
09 apr. 2022 09:36:23,034 INFO  services.SwimmingRaceServicesProxy 171 addSwimmer - Sending AddSwimmerRequest: swimmerDetails: SwimmerDTO{swimmer=Swimmer{ID=null, firstName='Ionut', lastName='Ionut', age=23}, raceDetailsDTOS=[_200m, _MIXED; ]}
09 apr. 2022 09:36:23,034 INFO  services.SwimmingRaceServicesProxy 103 sendRequest - Request send successfully!
09 apr. 2022 09:36:23,035 INFO  services.SwimmingRaceServicesProxy 173 addSwimmer - Waiting for response...
09 apr. 2022 09:36:23,056 INFO  services.SwimmingRaceServicesProxy 113 readResponse - Response read successfully!
09 apr. 2022 09:36:23,056 INFO  services.SwimmingRaceServicesProxy 176 addSwimmer - OkResponse received!
09 apr. 2022 09:36:23,060 INFO  services.SwimmingRaceServicesProxy$ReaderThread 200 run - UpdateResponse received. Handling response...
09 apr. 2022 09:36:23,060 INFO  services.SwimmingRaceServicesProxy 186 lambda$handleUpdate$0 - Updating UI...
09 apr. 2022 09:36:23,060 INFO  services.SwimmingRaceServicesProxy 138 findAllRacesDetails - Sending FindAllRacesDetailsRequest...
09 apr. 2022 09:36:23,060 INFO  services.SwimmingRaceServicesProxy 103 sendRequest - Request send successfully!
09 apr. 2022 09:36:23,060 INFO  services.SwimmingRaceServicesProxy 140 findAllRacesDetails - Waiting for response...
09 apr. 2022 09:36:24,065 INFO  services.SwimmingRaceServicesProxy 113 readResponse - Response read successfully!
09 apr. 2022 09:36:24,065 INFO  services.SwimmingRaceServicesProxy 143 findAllRacesDetails - FindAllRacesDetailsResponse received!
09 apr. 2022 09:36:24,066 INFO  services.SwimmingRaceServicesProxy 155 findAllSwimmersDetailsForRace - Sending FindAllSwimmersDetailsForRaceRequest: raceDetails: _200m, _MIXED; 
09 apr. 2022 09:36:24,066 INFO  services.SwimmingRaceServicesProxy 103 sendRequest - Request send successfully!
09 apr. 2022 09:36:24,066 INFO  services.SwimmingRaceServicesProxy 157 findAllSwimmersDetailsForRace - Waiting for response...
09 apr. 2022 09:36:25,077 INFO  services.SwimmingRaceServicesProxy 113 readResponse - Response read successfully!
09 apr. 2022 09:36:25,077 INFO  services.SwimmingRaceServicesProxy 188 lambda$handleUpdate$0 - UI updated successfully!
09 apr. 2022 09:36:33,342 INFO  services.SwimmingRaceServicesProxy 122 logout - Sending logout request: username: admin
09 apr. 2022 09:36:33,343 INFO  services.SwimmingRaceServicesProxy 103 sendRequest - Request send successfully!
09 apr. 2022 09:36:33,343 INFO  services.SwimmingRaceServicesProxy 124 logout - Waiting for response...
09 apr. 2022 09:36:33,343 INFO  services.SwimmingRaceServicesProxy 113 readResponse - Response read successfully!
09 apr. 2022 09:36:33,343 INFO  services.SwimmingRaceServicesProxy 127 logout - OkResponse received!
09 apr. 2022 09:36:33,343 INFO  services.SwimmingRaceServicesProxy 86 closeConnection - Closing connection...
09 apr. 2022 09:36:33,344 INFO  services.SwimmingRaceServicesProxy 93 closeConnection - Connection closed successfully!
09 apr. 2022 09:37:52,466 INFO  services.SwimmingRaceServicesProxy 66 initializeConnection - Connection details: host: localhost, port: 55555
09 apr. 2022 09:37:52,472 INFO  services.SwimmingRaceServicesProxy 68 initializeConnection - Successfully connected!
09 apr. 2022 09:37:52,475 INFO  services.SwimmingRaceServicesProxy 81 startReader - Starting response reader thread...
09 apr. 2022 09:37:52,476 INFO  services.SwimmingRaceServicesProxy 49 login - Sending login request: username: admin, password: admin...
09 apr. 2022 09:37:52,484 INFO  services.SwimmingRaceServicesProxy 103 sendRequest - Request send successfully!
09 apr. 2022 09:37:52,484 INFO  services.SwimmingRaceServicesProxy 51 login - Waiting for response...
09 apr. 2022 09:37:52,591 INFO  services.SwimmingRaceServicesProxy 113 readResponse - Response read successfully!
09 apr. 2022 09:37:52,592 INFO  services.SwimmingRaceServicesProxy 54 login - OkResponse received!
09 apr. 2022 09:37:52,626 INFO  services.SwimmingRaceServicesProxy 138 findAllRacesDetails - Sending FindAllRacesDetailsRequest...
09 apr. 2022 09:37:52,627 INFO  services.SwimmingRaceServicesProxy 103 sendRequest - Request send successfully!
09 apr. 2022 09:37:52,628 INFO  services.SwimmingRaceServicesProxy 140 findAllRacesDetails - Waiting for response...
09 apr. 2022 09:37:53,618 INFO  services.SwimmingRaceServicesProxy 113 readResponse - Response read successfully!
09 apr. 2022 09:37:53,619 INFO  services.SwimmingRaceServicesProxy 143 findAllRacesDetails - FindAllRacesDetailsResponse received!
09 apr. 2022 09:37:59,947 INFO  services.SwimmingRaceServicesProxy 155 findAllSwimmersDetailsForRace - Sending FindAllSwimmersDetailsForRaceRequest: raceDetails: _50m, _BACKSTROKE; 
09 apr. 2022 09:37:59,949 INFO  services.SwimmingRaceServicesProxy 103 sendRequest - Request send successfully!
09 apr. 2022 09:37:59,949 INFO  services.SwimmingRaceServicesProxy 157 findAllSwimmersDetailsForRace - Waiting for response...
09 apr. 2022 09:37:59,962 INFO  services.SwimmingRaceServicesProxy 113 readResponse - Response read successfully!
09 apr. 2022 09:38:13,720 INFO  services.SwimmingRaceServicesProxy 171 addSwimmer - Sending AddSwimmerRequest: swimmerDetails: SwimmerDTO{swimmer=Swimmer{ID=null, firstName='Mihai', lastName='Mihai', age=20}, raceDetailsDTOS=[_50m, _BACKSTROKE; ]}
09 apr. 2022 09:38:13,722 INFO  services.SwimmingRaceServicesProxy 103 sendRequest - Request send successfully!
09 apr. 2022 09:38:13,722 INFO  services.SwimmingRaceServicesProxy 173 addSwimmer - Waiting for response...
09 apr. 2022 09:38:13,750 INFO  services.SwimmingRaceServicesProxy 113 readResponse - Response read successfully!
09 apr. 2022 09:38:13,751 INFO  services.SwimmingRaceServicesProxy 176 addSwimmer - OkResponse received!
09 apr. 2022 09:38:13,759 INFO  services.SwimmingRaceServicesProxy$ReaderThread 200 run - UpdateResponse received. Handling response...
09 apr. 2022 09:38:13,760 INFO  services.SwimmingRaceServicesProxy 186 lambda$handleUpdate$0 - Updating UI...
09 apr. 2022 09:38:13,760 INFO  services.SwimmingRaceServicesProxy 138 findAllRacesDetails - Sending FindAllRacesDetailsRequest...
09 apr. 2022 09:38:13,760 INFO  services.SwimmingRaceServicesProxy 103 sendRequest - Request send successfully!
09 apr. 2022 09:38:13,760 INFO  services.SwimmingRaceServicesProxy 140 findAllRacesDetails - Waiting for response...
09 apr. 2022 09:38:14,773 INFO  services.SwimmingRaceServicesProxy 113 readResponse - Response read successfully!
09 apr. 2022 09:38:14,773 INFO  services.SwimmingRaceServicesProxy 143 findAllRacesDetails - FindAllRacesDetailsResponse received!
09 apr. 2022 09:38:14,775 INFO  services.SwimmingRaceServicesProxy 155 findAllSwimmersDetailsForRace - Sending FindAllSwimmersDetailsForRaceRequest: raceDetails: _50m, _BACKSTROKE; 
09 apr. 2022 09:38:14,775 INFO  services.SwimmingRaceServicesProxy 103 sendRequest - Request send successfully!
09 apr. 2022 09:38:14,775 INFO  services.SwimmingRaceServicesProxy 157 findAllSwimmersDetailsForRace - Waiting for response...
09 apr. 2022 09:38:15,790 INFO  services.SwimmingRaceServicesProxy 113 readResponse - Response read successfully!
09 apr. 2022 09:38:15,791 INFO  services.SwimmingRaceServicesProxy 188 lambda$handleUpdate$0 - UI updated successfully!
09 apr. 2022 09:38:29,292 INFO  services.SwimmingRaceServicesProxy 66 initializeConnection - Connection details: host: localhost, port: 55555
09 apr. 2022 09:38:29,299 INFO  services.SwimmingRaceServicesProxy 68 initializeConnection - Successfully connected!
09 apr. 2022 09:38:29,303 INFO  services.SwimmingRaceServicesProxy 81 startReader - Starting response reader thread...
09 apr. 2022 09:38:29,304 INFO  services.SwimmingRaceServicesProxy 49 login - Sending login request: username: ion, password: ion...
09 apr. 2022 09:38:29,312 INFO  services.SwimmingRaceServicesProxy 103 sendRequest - Request send successfully!
09 apr. 2022 09:38:29,313 INFO  services.SwimmingRaceServicesProxy 51 login - Waiting for response...
09 apr. 2022 09:38:29,315 INFO  services.SwimmingRaceServicesProxy 113 readResponse - Response read successfully!
09 apr. 2022 09:38:29,315 INFO  services.SwimmingRaceServicesProxy 54 login - OkResponse received!
09 apr. 2022 09:38:29,354 INFO  services.SwimmingRaceServicesProxy 138 findAllRacesDetails - Sending FindAllRacesDetailsRequest...
09 apr. 2022 09:38:29,355 INFO  services.SwimmingRaceServicesProxy 103 sendRequest - Request send successfully!
09 apr. 2022 09:38:29,355 INFO  services.SwimmingRaceServicesProxy 140 findAllRacesDetails - Waiting for response...
09 apr. 2022 09:38:30,335 INFO  services.SwimmingRaceServicesProxy 113 readResponse - Response read successfully!
09 apr. 2022 09:38:30,335 INFO  services.SwimmingRaceServicesProxy 143 findAllRacesDetails - FindAllRacesDetailsResponse received!
09 apr. 2022 09:38:54,334 INFO  services.SwimmingRaceServicesProxy 171 addSwimmer - Sending AddSwimmerRequest: swimmerDetails: SwimmerDTO{swimmer=Swimmer{ID=null, firstName='Ionel', lastName='Ionel', age=24}, raceDetailsDTOS=[_50m, _BACKSTROKE; , _200m, _BACKSTROKE; , _800m, _BACKSTROKE; , _1500m, _BACKSTROKE; ]}
09 apr. 2022 09:38:54,338 INFO  services.SwimmingRaceServicesProxy 103 sendRequest - Request send successfully!
09 apr. 2022 09:38:54,338 INFO  services.SwimmingRaceServicesProxy 173 addSwimmer - Waiting for response...
09 apr. 2022 09:38:54,358 INFO  services.SwimmingRaceServicesProxy 113 readResponse - Response read successfully!
09 apr. 2022 09:38:54,358 INFO  services.SwimmingRaceServicesProxy 176 addSwimmer - OkResponse received!
09 apr. 2022 09:38:54,364 INFO  services.SwimmingRaceServicesProxy$ReaderThread 200 run - UpdateResponse received. Handling response...
09 apr. 2022 09:38:54,364 INFO  services.SwimmingRaceServicesProxy 186 lambda$handleUpdate$0 - Updating UI...
09 apr. 2022 09:38:54,364 INFO  services.SwimmingRaceServicesProxy 138 findAllRacesDetails - Sending FindAllRacesDetailsRequest...
09 apr. 2022 09:38:54,365 INFO  services.SwimmingRaceServicesProxy 103 sendRequest - Request send successfully!
09 apr. 2022 09:38:54,365 INFO  services.SwimmingRaceServicesProxy 140 findAllRacesDetails - Waiting for response...
09 apr. 2022 09:38:54,371 INFO  services.SwimmingRaceServicesProxy$ReaderThread 200 run - UpdateResponse received. Handling response...
09 apr. 2022 09:38:54,372 INFO  services.SwimmingRaceServicesProxy 186 lambda$handleUpdate$0 - Updating UI...
09 apr. 2022 09:38:54,372 INFO  services.SwimmingRaceServicesProxy 138 findAllRacesDetails - Sending FindAllRacesDetailsRequest...
09 apr. 2022 09:38:54,372 INFO  services.SwimmingRaceServicesProxy 103 sendRequest - Request send successfully!
09 apr. 2022 09:38:54,372 INFO  services.SwimmingRaceServicesProxy 140 findAllRacesDetails - Waiting for response...
09 apr. 2022 09:38:54,373 INFO  services.SwimmingRaceServicesProxy 113 readResponse - Response read successfully!
09 apr. 2022 09:38:54,374 INFO  services.SwimmingRaceServicesProxy 143 findAllRacesDetails - FindAllRacesDetailsResponse received!
09 apr. 2022 09:38:54,375 INFO  services.SwimmingRaceServicesProxy 155 findAllSwimmersDetailsForRace - Sending FindAllSwimmersDetailsForRaceRequest: raceDetails: _50m, _BACKSTROKE; 
09 apr. 2022 09:38:54,375 INFO  services.SwimmingRaceServicesProxy 103 sendRequest - Request send successfully!
09 apr. 2022 09:38:54,375 INFO  services.SwimmingRaceServicesProxy 157 findAllSwimmersDetailsForRace - Waiting for response...
09 apr. 2022 09:38:55,362 INFO  services.SwimmingRaceServicesProxy 113 readResponse - Response read successfully!
09 apr. 2022 09:38:55,363 INFO  services.SwimmingRaceServicesProxy 143 findAllRacesDetails - FindAllRacesDetailsResponse received!
09 apr. 2022 09:38:55,363 INFO  services.SwimmingRaceServicesProxy 188 lambda$handleUpdate$0 - UI updated successfully!
09 apr. 2022 09:38:55,380 INFO  services.SwimmingRaceServicesProxy 113 readResponse - Response read successfully!
09 apr. 2022 09:38:55,381 INFO  services.SwimmingRaceServicesProxy 188 lambda$handleUpdate$0 - UI updated successfully!
09 apr. 2022 09:39:12,245 INFO  services.SwimmingRaceServicesProxy 122 logout - Sending logout request: username: admin
09 apr. 2022 09:39:12,247 INFO  services.SwimmingRaceServicesProxy 103 sendRequest - Request send successfully!
09 apr. 2022 09:39:12,247 INFO  services.SwimmingRaceServicesProxy 124 logout - Waiting for response...
09 apr. 2022 09:39:12,248 INFO  services.SwimmingRaceServicesProxy 113 readResponse - Response read successfully!
09 apr. 2022 09:39:12,248 INFO  services.SwimmingRaceServicesProxy 127 logout - OkResponse received!
09 apr. 2022 09:39:12,248 INFO  services.SwimmingRaceServicesProxy 86 closeConnection - Closing connection...
09 apr. 2022 09:39:12,249 INFO  services.SwimmingRaceServicesProxy 93 closeConnection - Connection closed successfully!
09 apr. 2022 09:39:12,874 INFO  services.SwimmingRaceServicesProxy 122 logout - Sending logout request: username: ion
09 apr. 2022 09:39:12,875 INFO  services.SwimmingRaceServicesProxy 103 sendRequest - Request send successfully!
09 apr. 2022 09:39:12,875 INFO  services.SwimmingRaceServicesProxy 124 logout - Waiting for response...
09 apr. 2022 09:39:12,876 INFO  services.SwimmingRaceServicesProxy 113 readResponse - Response read successfully!
09 apr. 2022 09:39:12,876 INFO  services.SwimmingRaceServicesProxy 127 logout - OkResponse received!
09 apr. 2022 09:39:12,876 INFO  services.SwimmingRaceServicesProxy 86 closeConnection - Closing connection...
09 apr. 2022 09:39:12,876 INFO  services.SwimmingRaceServicesProxy 93 closeConnection - Connection closed successfully!
09 apr. 2022 09:40:34,896 INFO  services.SwimmingRaceServicesProxy 66 initializeConnection - Connection details: host: localhost, port: 55555
09 apr. 2022 09:40:34,905 INFO  services.SwimmingRaceServicesProxy 68 initializeConnection - Successfully connected!
09 apr. 2022 09:40:34,910 INFO  services.SwimmingRaceServicesProxy 81 startReader - Starting response reader thread...
09 apr. 2022 09:40:34,911 INFO  services.SwimmingRaceServicesProxy 49 login - Sending login request: username: admin, password: admin...
09 apr. 2022 09:40:34,923 INFO  services.SwimmingRaceServicesProxy 103 sendRequest - Request send successfully!
09 apr. 2022 09:40:34,923 INFO  services.SwimmingRaceServicesProxy 51 login - Waiting for response...
09 apr. 2022 09:40:34,926 INFO  services.SwimmingRaceServicesProxy 113 readResponse - Response read successfully!
09 apr. 2022 09:40:34,926 INFO  services.SwimmingRaceServicesProxy 54 login - OkResponse received!
09 apr. 2022 09:40:34,969 INFO  services.SwimmingRaceServicesProxy 138 findAllRacesDetails - Sending FindAllRacesDetailsRequest...
09 apr. 2022 09:40:34,970 INFO  services.SwimmingRaceServicesProxy 103 sendRequest - Request send successfully!
09 apr. 2022 09:40:34,971 INFO  services.SwimmingRaceServicesProxy 140 findAllRacesDetails - Waiting for response...
09 apr. 2022 09:40:35,933 INFO  services.SwimmingRaceServicesProxy 113 readResponse - Response read successfully!
09 apr. 2022 09:40:35,933 INFO  services.SwimmingRaceServicesProxy 143 findAllRacesDetails - FindAllRacesDetailsResponse received!
09 apr. 2022 09:40:39,997 INFO  services.SwimmingRaceServicesProxy 66 initializeConnection - Connection details: host: localhost, port: 55555
09 apr. 2022 09:40:40,004 INFO  services.SwimmingRaceServicesProxy 68 initializeConnection - Successfully connected!
09 apr. 2022 09:40:40,007 INFO  services.SwimmingRaceServicesProxy 81 startReader - Starting response reader thread...
09 apr. 2022 09:40:40,007 INFO  services.SwimmingRaceServicesProxy 49 login - Sending login request: username: ion, password: ion...
09 apr. 2022 09:40:40,011 INFO  services.SwimmingRaceServicesProxy 103 sendRequest - Request send successfully!
09 apr. 2022 09:40:40,011 INFO  services.SwimmingRaceServicesProxy 51 login - Waiting for response...
09 apr. 2022 09:40:40,013 INFO  services.SwimmingRaceServicesProxy 113 readResponse - Response read successfully!
09 apr. 2022 09:40:40,013 INFO  services.SwimmingRaceServicesProxy 54 login - OkResponse received!
09 apr. 2022 09:40:40,053 INFO  services.SwimmingRaceServicesProxy 138 findAllRacesDetails - Sending FindAllRacesDetailsRequest...
09 apr. 2022 09:40:40,054 INFO  services.SwimmingRaceServicesProxy 103 sendRequest - Request send successfully!
09 apr. 2022 09:40:40,055 INFO  services.SwimmingRaceServicesProxy 140 findAllRacesDetails - Waiting for response...
09 apr. 2022 09:40:41,035 INFO  services.SwimmingRaceServicesProxy 113 readResponse - Response read successfully!
09 apr. 2022 09:40:41,035 INFO  services.SwimmingRaceServicesProxy 143 findAllRacesDetails - FindAllRacesDetailsResponse received!
09 apr. 2022 09:40:46,387 INFO  services.SwimmingRaceServicesProxy 155 findAllSwimmersDetailsForRace - Sending FindAllSwimmersDetailsForRaceRequest: raceDetails: _50m, _FREESTYLE; 
09 apr. 2022 09:40:46,389 INFO  services.SwimmingRaceServicesProxy 103 sendRequest - Request send successfully!
09 apr. 2022 09:40:46,389 INFO  services.SwimmingRaceServicesProxy 157 findAllSwimmersDetailsForRace - Waiting for response...
09 apr. 2022 09:40:46,397 INFO  services.SwimmingRaceServicesProxy 113 readResponse - Response read successfully!
09 apr. 2022 09:40:57,798 INFO  services.SwimmingRaceServicesProxy 171 addSwimmer - Sending AddSwimmerRequest: swimmerDetails: SwimmerDTO{swimmer=Swimmer{ID=null, firstName='Nene', lastName='Nene', age=23}, raceDetailsDTOS=[_50m, _FREESTYLE; ]}
09 apr. 2022 09:40:57,802 INFO  services.SwimmingRaceServicesProxy 103 sendRequest - Request send successfully!
09 apr. 2022 09:40:57,802 INFO  services.SwimmingRaceServicesProxy 173 addSwimmer - Waiting for response...
09 apr. 2022 09:40:57,823 INFO  services.SwimmingRaceServicesProxy 113 readResponse - Response read successfully!
09 apr. 2022 09:40:57,824 INFO  services.SwimmingRaceServicesProxy 176 addSwimmer - OkResponse received!
09 apr. 2022 09:40:57,828 INFO  services.SwimmingRaceServicesProxy$ReaderThread 200 run - UpdateResponse received. Handling response...
09 apr. 2022 09:40:57,829 INFO  services.SwimmingRaceServicesProxy 186 lambda$handleUpdate$0 - Updating UI...
09 apr. 2022 09:40:57,829 INFO  services.SwimmingRaceServicesProxy 138 findAllRacesDetails - Sending FindAllRacesDetailsRequest...
09 apr. 2022 09:40:57,830 INFO  services.SwimmingRaceServicesProxy 103 sendRequest - Request send successfully!
09 apr. 2022 09:40:57,830 INFO  services.SwimmingRaceServicesProxy 140 findAllRacesDetails - Waiting for response...
09 apr. 2022 09:40:57,834 INFO  services.SwimmingRaceServicesProxy$ReaderThread 200 run - UpdateResponse received. Handling response...
09 apr. 2022 09:40:57,835 INFO  services.SwimmingRaceServicesProxy 186 lambda$handleUpdate$0 - Updating UI...
09 apr. 2022 09:40:57,835 INFO  services.SwimmingRaceServicesProxy 138 findAllRacesDetails - Sending FindAllRacesDetailsRequest...
09 apr. 2022 09:40:57,835 INFO  services.SwimmingRaceServicesProxy 103 sendRequest - Request send successfully!
09 apr. 2022 09:40:57,835 INFO  services.SwimmingRaceServicesProxy 140 findAllRacesDetails - Waiting for response...
09 apr. 2022 09:40:57,835 INFO  services.SwimmingRaceServicesProxy 113 readResponse - Response read successfully!
09 apr. 2022 09:40:57,836 INFO  services.SwimmingRaceServicesProxy 143 findAllRacesDetails - FindAllRacesDetailsResponse received!
09 apr. 2022 09:40:57,836 INFO  services.SwimmingRaceServicesProxy 155 findAllSwimmersDetailsForRace - Sending FindAllSwimmersDetailsForRaceRequest: raceDetails: _50m, _FREESTYLE; 
09 apr. 2022 09:40:57,836 INFO  services.SwimmingRaceServicesProxy 103 sendRequest - Request send successfully!
09 apr. 2022 09:40:57,836 INFO  services.SwimmingRaceServicesProxy 157 findAllSwimmersDetailsForRace - Waiting for response...
09 apr. 2022 09:40:58,828 INFO  services.SwimmingRaceServicesProxy 113 readResponse - Response read successfully!
09 apr. 2022 09:40:58,828 INFO  services.SwimmingRaceServicesProxy 143 findAllRacesDetails - FindAllRacesDetailsResponse received!
09 apr. 2022 09:40:58,829 INFO  services.SwimmingRaceServicesProxy 188 lambda$handleUpdate$0 - UI updated successfully!
09 apr. 2022 09:40:58,851 INFO  services.SwimmingRaceServicesProxy 113 readResponse - Response read successfully!
09 apr. 2022 09:40:58,851 INFO  services.SwimmingRaceServicesProxy 188 lambda$handleUpdate$0 - UI updated successfully!
09 apr. 2022 09:41:11,671 INFO  services.SwimmingRaceServicesProxy 155 findAllSwimmersDetailsForRace - Sending FindAllSwimmersDetailsForRaceRequest: raceDetails: _50m, _FREESTYLE; 
09 apr. 2022 09:41:11,672 INFO  services.SwimmingRaceServicesProxy 103 sendRequest - Request send successfully!
09 apr. 2022 09:41:11,672 INFO  services.SwimmingRaceServicesProxy 157 findAllSwimmersDetailsForRace - Waiting for response...
09 apr. 2022 09:41:11,677 INFO  services.SwimmingRaceServicesProxy 113 readResponse - Response read successfully!
09 apr. 2022 09:41:15,284 INFO  services.SwimmingRaceServicesProxy 155 findAllSwimmersDetailsForRace - Sending FindAllSwimmersDetailsForRaceRequest: raceDetails: _50m, _BACKSTROKE; 
09 apr. 2022 09:41:15,284 INFO  services.SwimmingRaceServicesProxy 103 sendRequest - Request send successfully!
09 apr. 2022 09:41:15,284 INFO  services.SwimmingRaceServicesProxy 157 findAllSwimmersDetailsForRace - Waiting for response...
09 apr. 2022 09:41:15,288 INFO  services.SwimmingRaceServicesProxy 113 readResponse - Response read successfully!
09 apr. 2022 09:41:16,841 INFO  services.SwimmingRaceServicesProxy 122 logout - Sending logout request: username: ion
09 apr. 2022 09:41:16,844 INFO  services.SwimmingRaceServicesProxy 103 sendRequest - Request send successfully!
09 apr. 2022 09:41:16,844 INFO  services.SwimmingRaceServicesProxy 124 logout - Waiting for response...
09 apr. 2022 09:41:16,844 INFO  services.SwimmingRaceServicesProxy 113 readResponse - Response read successfully!
09 apr. 2022 09:41:16,844 INFO  services.SwimmingRaceServicesProxy 127 logout - OkResponse received!
09 apr. 2022 09:41:16,845 INFO  services.SwimmingRaceServicesProxy 86 closeConnection - Closing connection...
09 apr. 2022 09:41:16,845 INFO  services.SwimmingRaceServicesProxy 93 closeConnection - Connection closed successfully!
09 apr. 2022 09:41:18,091 INFO  services.SwimmingRaceServicesProxy 122 logout - Sending logout request: username: admin
09 apr. 2022 09:41:18,092 INFO  services.SwimmingRaceServicesProxy 103 sendRequest - Request send successfully!
09 apr. 2022 09:41:18,092 INFO  services.SwimmingRaceServicesProxy 124 logout - Waiting for response...
09 apr. 2022 09:41:18,092 INFO  services.SwimmingRaceServicesProxy 113 readResponse - Response read successfully!
09 apr. 2022 09:41:18,092 INFO  services.SwimmingRaceServicesProxy 127 logout - OkResponse received!
09 apr. 2022 09:41:18,092 INFO  services.SwimmingRaceServicesProxy 86 closeConnection - Closing connection...
09 apr. 2022 09:41:18,093 INFO  services.SwimmingRaceServicesProxy 93 closeConnection - Connection closed successfully!
