21 mar. 2022 05:01:53,878 INFO  swimmingApp.repository.dbRepository.AdminDBRepository 21 <init> - Initialising AdminDBRepository with properties {}
21 mar. 2022 05:01:53,881 INFO  swimmingApp.repository.dbRepository.RaceDBRepository 25 <init> - Initialising RaceDBRepository with properties {}
21 mar. 2022 05:01:53,882 INFO  swimmingApp.repository.dbRepository.SwimmerDBRepository 21 <init> - Initialising SwimmerDBRepository with properties {}
21 mar. 2022 05:01:53,883 INFO  swimmingApp.repository.dbRepository.SwimmerRaceDBRepository 27 <init> - Initialising SwimmerRaceDBRepository with properties {}
21 mar. 2022 05:03:00,905 INFO  swimmingApp.repository.dbRepository.AdminDBRepository 21 <init> - Initialising AdminDBRepository with properties {}
21 mar. 2022 05:03:00,919 INFO  swimmingApp.repository.dbRepository.RaceDBRepository 25 <init> - Initialising RaceDBRepository with properties {}
21 mar. 2022 05:03:00,920 INFO  swimmingApp.repository.dbRepository.SwimmerDBRepository 21 <init> - Initialising SwimmerDBRepository with properties {}
21 mar. 2022 05:03:00,921 INFO  swimmingApp.repository.dbRepository.SwimmerRaceDBRepository 27 <init> - Initialising SwimmerRaceDBRepository with properties {}
21 mar. 2022 05:04:16,826 INFO  swimmingApp.repository.dbRepository.AdminDBRepository 21 <init> - Initialising AdminDBRepository with properties {}
21 mar. 2022 05:04:16,830 INFO  swimmingApp.repository.dbRepository.RaceDBRepository 25 <init> - Initialising RaceDBRepository with properties {}
21 mar. 2022 05:04:16,830 INFO  swimmingApp.repository.dbRepository.SwimmerDBRepository 21 <init> - Initialising SwimmerDBRepository with properties {}
21 mar. 2022 05:04:16,831 INFO  swimmingApp.repository.dbRepository.SwimmerRaceDBRepository 27 <init> - Initialising SwimmerRaceDBRepository with properties {}
21 mar. 2022 05:05:45,649 INFO  swimmingApp.repository.dbRepository.AdminDBRepository 21 <init> - Initialising AdminDBRepository with properties {}
21 mar. 2022 05:05:45,653 INFO  swimmingApp.repository.dbRepository.RaceDBRepository 25 <init> - Initialising RaceDBRepository with properties {}
21 mar. 2022 05:05:45,654 INFO  swimmingApp.repository.dbRepository.SwimmerDBRepository 21 <init> - Initialising SwimmerDBRepository with properties {}
21 mar. 2022 05:05:45,655 INFO  swimmingApp.repository.dbRepository.SwimmerRaceDBRepository 27 <init> - Initialising SwimmerRaceDBRepository with properties {}
21 mar. 2022 05:06:09,194 INFO  swimmingApp.repository.dbRepository.AdminDBRepository 21 <init> - Initialising AdminDBRepository with properties {jdbc.url=jdbc:sqlite:D:\Proiecte\databases\mpp_lab_project.db}
21 mar. 2022 05:06:09,198 INFO  swimmingApp.repository.dbRepository.RaceDBRepository 25 <init> - Initialising RaceDBRepository with properties {jdbc.url=jdbc:sqlite:D:\Proiecte\databases\mpp_lab_project.db}
21 mar. 2022 05:06:09,199 INFO  swimmingApp.repository.dbRepository.SwimmerDBRepository 21 <init> - Initialising SwimmerDBRepository with properties {jdbc.url=jdbc:sqlite:D:\Proiecte\databases\mpp_lab_project.db}
21 mar. 2022 05:06:09,200 INFO  swimmingApp.repository.dbRepository.SwimmerRaceDBRepository 27 <init> - Initialising SwimmerRaceDBRepository with properties {jdbc.url=jdbc:sqlite:D:\Proiecte\databases\mpp_lab_project.db}
21 mar. 2022 05:06:54,674 INFO  swimmingApp.repository.dbRepository.AdminDBRepository 21 <init> - Initialising AdminDBRepository with properties {jdbc.url=jdbc:sqlite:D:\Proiecte\databases\mpp_lab_project.db}
21 mar. 2022 05:06:54,678 INFO  swimmingApp.repository.dbRepository.RaceDBRepository 25 <init> - Initialising RaceDBRepository with properties {jdbc.url=jdbc:sqlite:D:\Proiecte\databases\mpp_lab_project.db}
21 mar. 2022 05:06:54,679 INFO  swimmingApp.repository.dbRepository.SwimmerDBRepository 21 <init> - Initialising SwimmerDBRepository with properties {jdbc.url=jdbc:sqlite:D:\Proiecte\databases\mpp_lab_project.db}
21 mar. 2022 05:06:54,680 INFO  swimmingApp.repository.dbRepository.SwimmerRaceDBRepository 27 <init> - Initialising SwimmerRaceDBRepository with properties {jdbc.url=jdbc:sqlite:D:\Proiecte\databases\mpp_lab_project.db}
21 mar. 2022 05:07:07,385 INFO  swimmingApp.repository.dbRepository.AdminDBRepository 21 <init> - Initialising AdminDBRepository with properties {jdbc.url=jdbc:sqlite:D:\Proiecte\databases\mpp_lab_project.db}
21 mar. 2022 05:07:07,388 INFO  swimmingApp.repository.dbRepository.RaceDBRepository 25 <init> - Initialising RaceDBRepository with properties {jdbc.url=jdbc:sqlite:D:\Proiecte\databases\mpp_lab_project.db}
21 mar. 2022 05:07:07,389 INFO  swimmingApp.repository.dbRepository.SwimmerDBRepository 21 <init> - Initialising SwimmerDBRepository with properties {jdbc.url=jdbc:sqlite:D:\Proiecte\databases\mpp_lab_project.db}
21 mar. 2022 05:07:07,390 INFO  swimmingApp.repository.dbRepository.SwimmerRaceDBRepository 27 <init> - Initialising SwimmerRaceDBRepository with properties {jdbc.url=jdbc:sqlite:D:\Proiecte\databases\mpp_lab_project.db}
21 mar. 2022 05:07:17,288 INFO  swimmingApp.repository.dbRepository.AdminDBRepository 21 <init> - Initialising AdminDBRepository with properties {jdbc.url=jdbc:sqlite:D:\Proiecte\databases\mpp_lab_project.db}
21 mar. 2022 05:07:17,291 INFO  swimmingApp.repository.dbRepository.RaceDBRepository 25 <init> - Initialising RaceDBRepository with properties {jdbc.url=jdbc:sqlite:D:\Proiecte\databases\mpp_lab_project.db}
21 mar. 2022 05:07:17,292 INFO  swimmingApp.repository.dbRepository.SwimmerDBRepository 21 <init> - Initialising SwimmerDBRepository with properties {jdbc.url=jdbc:sqlite:D:\Proiecte\databases\mpp_lab_project.db}
21 mar. 2022 05:07:17,293 INFO  swimmingApp.repository.dbRepository.SwimmerRaceDBRepository 27 <init> - Initialising SwimmerRaceDBRepository with properties {jdbc.url=jdbc:sqlite:D:\Proiecte\databases\mpp_lab_project.db}
21 mar. 2022 05:09:17,547 INFO  swimmingApp.repository.dbRepository.AdminDBRepository 21 <init> - Initialising AdminDBRepository with properties {jdbc.url=jdbc:sqlite:D:\Proiecte\databases\mpp_lab_project.db}
21 mar. 2022 05:09:17,551 INFO  swimmingApp.repository.dbRepository.RaceDBRepository 25 <init> - Initialising RaceDBRepository with properties {jdbc.url=jdbc:sqlite:D:\Proiecte\databases\mpp_lab_project.db}
21 mar. 2022 05:09:17,552 INFO  swimmingApp.repository.dbRepository.SwimmerDBRepository 21 <init> - Initialising SwimmerDBRepository with properties {jdbc.url=jdbc:sqlite:D:\Proiecte\databases\mpp_lab_project.db}
21 mar. 2022 05:09:17,553 INFO  swimmingApp.repository.dbRepository.SwimmerRaceDBRepository 27 <init> - Initialising SwimmerRaceDBRepository with properties {jdbc.url=jdbc:sqlite:D:\Proiecte\databases\mpp_lab_project.db}
21 mar. 2022 05:09:33,683 INFO  swimmingApp.repository.dbRepository.AdminDBRepository 21 <init> - Initialising AdminDBRepository with properties {jdbc.url=jdbc:sqlite:D:\Proiecte\databases\mpp_lab_project.db}
21 mar. 2022 05:09:33,686 INFO  swimmingApp.repository.dbRepository.RaceDBRepository 25 <init> - Initialising RaceDBRepository with properties {jdbc.url=jdbc:sqlite:D:\Proiecte\databases\mpp_lab_project.db}
21 mar. 2022 05:09:33,687 INFO  swimmingApp.repository.dbRepository.SwimmerDBRepository 21 <init> - Initialising SwimmerDBRepository with properties {jdbc.url=jdbc:sqlite:D:\Proiecte\databases\mpp_lab_project.db}
21 mar. 2022 05:09:33,688 INFO  swimmingApp.repository.dbRepository.SwimmerRaceDBRepository 27 <init> - Initialising SwimmerRaceDBRepository with properties {jdbc.url=jdbc:sqlite:D:\Proiecte\databases\mpp_lab_project.db}
21 mar. 2022 05:11:16,728 INFO  swimmingApp.repository.dbRepository.AdminDBRepository 21 <init> - Initialising AdminDBRepository with properties {jdbc.url=jdbc:sqlite:D:\Proiecte\databases\mpp_lab_project.db}
21 mar. 2022 05:11:16,732 INFO  swimmingApp.repository.dbRepository.RaceDBRepository 25 <init> - Initialising RaceDBRepository with properties {jdbc.url=jdbc:sqlite:D:\Proiecte\databases\mpp_lab_project.db}
21 mar. 2022 05:11:16,733 INFO  swimmingApp.repository.dbRepository.SwimmerDBRepository 21 <init> - Initialising SwimmerDBRepository with properties {jdbc.url=jdbc:sqlite:D:\Proiecte\databases\mpp_lab_project.db}
21 mar. 2022 05:11:16,734 INFO  swimmingApp.repository.dbRepository.SwimmerRaceDBRepository 27 <init> - Initialising SwimmerRaceDBRepository with properties {jdbc.url=jdbc:sqlite:D:\Proiecte\databases\mpp_lab_project.db}
21 mar. 2022 05:11:47,748 INFO  swimmingApp.repository.dbRepository.AdminDBRepository 21 <init> - Initialising AdminDBRepository with properties {jdbc.url=jdbc:sqlite:D:\Proiecte\databases\mpp_lab_project.db}
21 mar. 2022 05:11:47,752 INFO  swimmingApp.repository.dbRepository.RaceDBRepository 25 <init> - Initialising RaceDBRepository with properties {jdbc.url=jdbc:sqlite:D:\Proiecte\databases\mpp_lab_project.db}
21 mar. 2022 05:11:47,753 INFO  swimmingApp.repository.dbRepository.SwimmerDBRepository 21 <init> - Initialising SwimmerDBRepository with properties {jdbc.url=jdbc:sqlite:D:\Proiecte\databases\mpp_lab_project.db}
21 mar. 2022 05:11:47,754 INFO  swimmingApp.repository.dbRepository.SwimmerRaceDBRepository 27 <init> - Initialising SwimmerRaceDBRepository with properties {jdbc.url=jdbc:sqlite:D:\Proiecte\databases\mpp_lab_project.db}
21 mar. 2022 05:13:03,623 INFO  swimmingApp.repository.dbRepository.AdminDBRepository 21 <init> - Initialising AdminDBRepository with properties {jdbc.url=jdbc:sqlite:D:\Proiecte\databases\mpp_lab_project.db}
21 mar. 2022 05:13:03,627 INFO  swimmingApp.repository.dbRepository.RaceDBRepository 25 <init> - Initialising RaceDBRepository with properties {jdbc.url=jdbc:sqlite:D:\Proiecte\databases\mpp_lab_project.db}
21 mar. 2022 05:13:03,628 INFO  swimmingApp.repository.dbRepository.SwimmerDBRepository 21 <init> - Initialising SwimmerDBRepository with properties {jdbc.url=jdbc:sqlite:D:\Proiecte\databases\mpp_lab_project.db}
21 mar. 2022 05:13:03,629 INFO  swimmingApp.repository.dbRepository.SwimmerRaceDBRepository 27 <init> - Initialising SwimmerRaceDBRepository with properties {jdbc.url=jdbc:sqlite:D:\Proiecte\databases\mpp_lab_project.db}
21 mar. 2022 05:17:22,273 INFO  swimmingApp.repository.dbRepository.AdminDBRepository 21 <init> - Initialising AdminDBRepository with properties {jdbc.url=jdbc:sqlite:D:\Proiecte\databases\mpp_lab_project.db}
21 mar. 2022 05:17:22,276 INFO  swimmingApp.repository.dbRepository.RaceDBRepository 25 <init> - Initialising RaceDBRepository with properties {jdbc.url=jdbc:sqlite:D:\Proiecte\databases\mpp_lab_project.db}
21 mar. 2022 05:17:22,277 INFO  swimmingApp.repository.dbRepository.SwimmerDBRepository 21 <init> - Initialising SwimmerDBRepository with properties {jdbc.url=jdbc:sqlite:D:\Proiecte\databases\mpp_lab_project.db}
21 mar. 2022 05:17:22,278 INFO  swimmingApp.repository.dbRepository.SwimmerRaceDBRepository 27 <init> - Initialising SwimmerRaceDBRepository with properties {jdbc.url=jdbc:sqlite:D:\Proiecte\databases\mpp_lab_project.db}
21 mar. 2022 05:20:48,074 INFO  swimmingApp.repository.dbRepository.AdminDBRepository 21 <init> - Initialising AdminDBRepository with properties {jdbc.url=jdbc:sqlite:D:\Proiecte\databases\mpp_lab_project.db}
21 mar. 2022 05:20:48,077 INFO  swimmingApp.repository.dbRepository.RaceDBRepository 25 <init> - Initialising RaceDBRepository with properties {jdbc.url=jdbc:sqlite:D:\Proiecte\databases\mpp_lab_project.db}
21 mar. 2022 05:20:48,078 INFO  swimmingApp.repository.dbRepository.SwimmerDBRepository 21 <init> - Initialising SwimmerDBRepository with properties {jdbc.url=jdbc:sqlite:D:\Proiecte\databases\mpp_lab_project.db}
21 mar. 2022 05:20:48,078 INFO  swimmingApp.repository.dbRepository.SwimmerRaceDBRepository 27 <init> - Initialising SwimmerRaceDBRepository with properties {jdbc.url=jdbc:sqlite:D:\Proiecte\databases\mpp_lab_project.db}
21 mar. 2022 05:25:11,471 INFO  swimmingApp.repository.dbRepository.AdminDBRepository 21 <init> - Initialising AdminDBRepository with properties {jdbc.url=jdbc:sqlite:D:\Proiecte\databases\mpp_lab_project.db}
21 mar. 2022 05:25:11,474 INFO  swimmingApp.repository.dbRepository.RaceDBRepository 25 <init> - Initialising RaceDBRepository with properties {jdbc.url=jdbc:sqlite:D:\Proiecte\databases\mpp_lab_project.db}
21 mar. 2022 05:25:11,475 INFO  swimmingApp.repository.dbRepository.SwimmerDBRepository 21 <init> - Initialising SwimmerDBRepository with properties {jdbc.url=jdbc:sqlite:D:\Proiecte\databases\mpp_lab_project.db}
21 mar. 2022 05:25:11,476 INFO  swimmingApp.repository.dbRepository.SwimmerRaceDBRepository 27 <init> - Initialising SwimmerRaceDBRepository with properties {jdbc.url=jdbc:sqlite:D:\Proiecte\databases\mpp_lab_project.db}
21 mar. 2022 06:36:33,754 INFO  swimmingApp.repository.dbRepository.AdminDBRepository 21 <init> - Initialising AdminDBRepository with properties {jdbc.url=jdbc:sqlite:D:\Proiecte\databases\mpp_lab_project.db}
21 mar. 2022 06:36:33,758 INFO  swimmingApp.repository.dbRepository.RaceDBRepository 25 <init> - Initialising RaceDBRepository with properties {jdbc.url=jdbc:sqlite:D:\Proiecte\databases\mpp_lab_project.db}
21 mar. 2022 06:36:33,759 INFO  swimmingApp.repository.dbRepository.SwimmerDBRepository 21 <init> - Initialising SwimmerDBRepository with properties {jdbc.url=jdbc:sqlite:D:\Proiecte\databases\mpp_lab_project.db}
21 mar. 2022 06:36:33,759 INFO  swimmingApp.repository.dbRepository.SwimmerRaceDBRepository 27 <init> - Initialising SwimmerRaceDBRepository with properties {jdbc.url=jdbc:sqlite:D:\Proiecte\databases\mpp_lab_project.db}
